0:100  0:100  MemLog inited, TSC freq: 2496368360
0:100  0:000  CPU was calibrated with RTC
0:100  0:000  
0:100  0:000  Now is 6.2.2019,  11:31:45 (GMT)
0:100  0:000  Starting Clover revision: 4859 on American Megatrends EFI
0:100  0:000  Build with: [Args: -mc --no-usb -D NO_GRUB_DRIVERS_EMBEDDED -t XCODE8 | -D DISABLE_USB_SUPPORT -D NO_GRUB_DRIVERS_EMBEDDED --conf=/Users/sky/src/edk2/Conf -D USE_BIOS_BLOCKIO -D USE_LOW_EBDA -a X64 -b RELEASE -t XCODE8 -n 13 | OS: 10.14.3 | XCODE: 10.1]
0:100  0:000  SelfDevicePath=PciRoot(0x0)\Pci(0x1D,0x0)\Pci(0x0,0x0)\NVMe(0x1,5F-02-10-5B-63-38-25-00)\HD(1,GPT,F45AA315-12E5-4306-BF25-E85F1127F7BC,0x1000,0xFF000) @6B205698
0:100  0:000  SelfDirPath = \EFI\Clover
0:100  0:000  === [ Get Smbios ] ========================================
0:100  0:000  Type 16 Index = 0
0:100  0:000  Total Memory Slots Count = 2
0:100  0:000  Type 17 Index = 0
0:100  0:000  SmbiosTable.Type17->Speed = 2400MHz
0:100  0:000  SmbiosTable.Type17->Size = 8192MB
0:100  0:000  SmbiosTable.Type17->Bank/Device = BANK 0 ChannelA-DIMM0
0:100  0:000  SmbiosTable.Type17->Vendor = 009C35230000
0:100  0:000  SmbiosTable.Type17->SerialNumber = 16443459
0:100  0:000  SmbiosTable.Type17->PartNumber = 8ATF1G64HZ-2G3B1    
0:100  0:000  Type 17 Index = 1
0:100  0:000  SmbiosTable.Type17->Speed = 2400MHz
0:100  0:000  SmbiosTable.Type17->Size = 8192MB
0:100  0:000  SmbiosTable.Type17->Bank/Device = BANK 2 ChannelB-DIMM0
0:100  0:000  SmbiosTable.Type17->Vendor = 009C35230000
0:100  0:000  SmbiosTable.Type17->SerialNumber = 17899966
0:100  0:000  SmbiosTable.Type17->PartNumber = 8ATF1G64HZ-2G3H1    
0:100  0:000  Boot status=0
0:100  0:000  Running on: 'Inspiron 5577' with board '090HMC'
0:100  0:000  === [ GetCPUProperties ] ==================================
0:100  0:000  CPU Vendor = 756E6547 Model=906E9
0:100  0:000   The CPU supported SSE4.1
0:100  0:000  BrandString = Intel(R) Core(TM) i5-7300HQ CPU @ 2.50GHz
0:100  0:000   The CPU supported turbo
0:100  0:000  MSR 0x35               40004
0:100  0:000   TSC/CCC Information Leaf:
0:100  0:000    numerator     : 208
0:100  0:000    denominator   : 2
0:100  0:000   Calibrated ARTFrequency: 24003541
0:100  0:000  MSR 0xE2 before patch 7E008007
0:100  0:000  MSR 0xE2 is locked, PM patches will be turned on
0:100  0:000  MSR 0xCE              0008083B_F1011900
0:100  0:000  corrected FLEX_RATIO = 0
0:100  0:000  MSR 0x1B0             00000000
0:100  0:000  FSBFrequency = 96 MHz, DMI FSBFrequency = 100 MHz, Corrected FSBFrequency = 100 MHz
0:100  0:000  MaxDiv/MinDiv: 25.0/8
0:100  0:000  Turbo: 31/32/33/35
0:100  0:000  Features: 0xBFEBFBFF
0:100  0:000  Threads: 4
0:100  0:000  Cores: 4
0:100  0:000  FSB: 100 MHz
0:100  0:000  CPU: 2400 MHz
0:100  0:000  TSC: 2400 MHz
0:100  0:000  PIS: 100 MHz
0:100  0:000  ExternalClock: 25 MHz
0:100  0:000  === [ GetDevices ] ========================================
0:100  0:000  PCI (00|00:00.00) : 8086 5910 class=060000
0:100  0:000  PCI (00|00:01.00) : 8086 1901 class=060400
0:100  0:000  PCI (00|01:00.00) : 10DE 1C8D class=030200
0:100  0:000  PCI (00|00:02.00) : 8086 591B class=030000
0:100  0:000   - GFX: Model=Intel HD Graphics 630 (Intel)
0:100  0:000  PCI (00|00:04.00) : 8086 1903 class=118000
0:100  0:000  PCI (00|00:14.00) : 8086 A12F class=0C0330
0:100  0:000  PCI (00|00:14.02) : 8086 A131 class=118000
0:100  0:000  PCI (00|00:15.00) : 8086 A160 class=118000
0:100  0:000  PCI (00|00:16.00) : 8086 A13A class=078000
0:100  0:000  PCI (00|00:17.00) : 8086 A103 class=010601
0:100  0:000  PCI (00|00:1C.00) : 8086 A114 class=060400
0:100  0:000  PCI (00|02:00.00) : 10EC 8168 class=020000
0:100  0:000   - LAN: 0 Vendor=Realtek
0:100  0:000  PCI (00|00:1C.05) : 8086 A115 class=060400
0:101  0:000  PCI (00|03:00.00) : 14E4 43B1 class=028000
0:101  0:000   - WIFI: Vendor=Broadcom
0:101  0:000  PCI (00|00:1D.00) : 8086 A118 class=060400
0:101  0:000  PCI (00|04:00.00) : 144D A802 class=010802
0:101  0:000  PCI (00|00:1E.00) : 8086 A127 class=118000
0:101  0:000  PCI (00|00:1F.00) : 8086 A152 class=060100
0:101  0:000  PCI (00|00:1F.02) : 8086 A121 class=058000
0:101  0:000  PCI (00|00:1F.03) : 8086 A171 class=040300
0:101  0:000  PCI (00|00:1F.04) : 8086 A123 class=0C0500
0:101  0:000  === [ GetDefaultSettings ] ================================
0:101  0:000  Clover load options size = 0 bytes
0:102  0:001  EFI\CLOVER\config.plist loaded: Success
0:109  0:006  === [ GetListOfThemes ] ===================================
0:109  0:000  - [00]: SimpleThemeDark
0:109  0:000  - [01]: Hackintosh_ID
0:110  0:000  - [02]: Clovy
0:111  0:001  === [ Found config plists ] ===============================
0:111  0:000  - config„o,.plist
0:111  0:000  - config.plist
0:111  0:000  - config„o, 2.plist
0:111  0:000  === [ GetEarlyUserSettings ] ==============================
0:111  0:000  timeout set to 5
0:111  0:000  Custom boot CUSTOM_BOOT_APPLE (0x0)
0:111  0:000  ForceKextsToLoad: 1 requested
0:111  0:000   - [0]: System\Library\Extensions\IONetworkingFamily.kext
0:111  0:000  KextsToPatch: 6 requested
0:111  0:000   - [00]: IOBufferCopyController (disable IOBufferCopyController (Credit by DalianSky)) :: PlistPatch :: data len: 5
0:111  0:000   - [01]: com.apple.driver.usb.AppleUSBXHCI (10.13.x USB Port Limit Patch) :: MatchOS: 10.13.4,10.13.5 :: BinPatch :: data len: 10
0:111  0:000   - [02]: com.apple.driver.usb.AppleUSBXHCI (USB 10.13.6 by PMHeart) :: MatchOS: 10.13.6 :: BinPatch :: data len: 10
0:111  0:000   - [03]: com.apple.driver.usb.AppleUSBXHCI (disable USB Port Limit Patch (PMheart) for 10.14 beta2) :: MatchOS: 10.14 :: BinPatch :: data len: 9
0:111  0:000   - [04]: com.apple.iokit.IOUSBHostFamily (USB port limit patch 10.14.x modify by DalianSky(credit ydeng)) :: MatchOS: 10.14.x :: BinPatch :: data len: 4
0:111  0:000   - [05]: com.apple.driver.usb.AppleUSBXHCI (USB Port limit patch 10.14.x modify by DalianSky(credits PMheart)) :: MatchOS: 10.14.x :: BinPatch :: data len: 4
0:111  0:000  KernelToPatch: 4 requested
0:111  0:000   - [00]: Disable panic kext logging on 10.13 Debug kernel :: MatchOS: 10.13 :: data len: 6
0:111  0:000   - [01]: Disable panic kext logging on 10.13 Release kernel :: MatchOS: 10.13 :: data len: 6
0:111  0:000   - [02]: Disable panic kext logging on 10.14 Release kernel (c) vit9696 :: MatchOS: 10.14.x :: data len: 6
0:111  0:000   - [03]: MSR 0xE2 _xcpm_idle instant reboot(c) Pike R. Alpha :: data len: 8
0:112  0:000  Default theme: Hackintosh_ID
0:112  0:000  ** Warning: unknown custom entry Type 'Other'
0:112  0:000  === [ LoadDrivers ] =======================================
0:112  0:000  Loading HFSPlus.efi  status=Success
0:115  0:003   - driver needs connecting
0:115  0:000  Loading DataHubDxe-64.efi  status=Success
0:120  0:004  Loading apfs.efi  status=Success
0:126  0:006   - driver needs connecting
0:126  0:000  Loading FSInject-64.efi  status=Success
0:129  0:002  Loading ApfsDriverLoader-64.efi  status=Success
0:132  0:002   - driver needs connecting
0:132  0:000  Loading AppleUISupport-64.efi  status=Success
0:236  0:104  Loading AppleImageLoader-64.efi  status=Success
0:239  0:002  Loading EmuVariableUefi-64.efi  status=Success
0:242  0:002  EmuVariableUefi Initialize: VariableCommonInitialize = Success, orig services stored, install gEmuVariableControlProtocolGuid = Success
0:242  0:000  Loading SMCHelper-64.efi  status=Success
0:245  0:002  Loading AptioMemoryFix-64.efi  status=Success
0:248  0:002  Loading NvmExpressDxe-64.efi  status=Success
0:251  0:002   - driver needs connecting
0:251  0:000  Loading AudioDxe-64.efi  status=Success
0:254  0:003   - driver needs connecting
0:254  0:000  5 drivers needs connecting ...
0:254  0:000  PlatformDriverOverrideProtocol not found. Installing ... Success
0:254  0:000  HFS+ driver loaded
0:254  0:000  APFS driver loaded
0:254  0:000  Searching for invalid DiskIo BY_DRIVER connects: not found, all ok
5:365  5:110  EmuVariable InstallEmulation: orig vars copied, emu.var.services installed, CreateEvent VirtualAddressChange = Success, CreateEvent ExitBootServices = Success, set Status=Success
5:528  0:163  === [ InitScreen ] ========================================
5:528  0:000  SetMaxResolution: found best mode 0: 1920x1080
5:528  0:000   - already set
5:528  0:000  Console modes reported: 4, available modes:
5:528  0:000   - [01]: 80x25 (current mode)
5:528  0:000   - [02]: 80x50
5:528  0:000   - [03]: 100x31
5:528  0:000   - [04]: 240x56
5:528  0:000  reinit: self device path=PciRoot(0x0)\Pci(0x1D,0x0)\Pci(0x0,0x0)\NVMe(0x1,5F-02-10-5B-63-38-25-00)\HD(1,GPT,F45AA315-12E5-4306-BF25-E85F1127F7BC,0x1000,0xFF000)
5:528  0:000  === [ GetMacAddress ] =====================================
5:528  0:000  MAC address of LAN #0= 00:00:00:00:00:00:
5:528  0:000  MAC address of LAN #1= 00:00:00:00:00:00:
5:528  0:000  MAC address of LAN #2= 00:00:00:00:00:00:
5:528  0:000  MAC address of LAN #3= 00:00:00:00:00:00:
5:528  0:000  === [ ScanSPD ] ===========================================
5:529  0:000  Scanning SMBus [8086:A123], mmio: 0xDF732004, ioport: 0xF040, hostc: 0x11
5:547  0:018  Slot: 0 Type 26 8192MB 2400MHz Vendor=Micron Technology PartNo=8ATF1G64HZ-2G3B1 SerialNo=0106040403040509
5:566  0:018  Slot: 2 Type 26 8192MB 2400MHz Vendor=Micron Technology PartNo=8ATF1G64HZ-2G3H1 SerialNo=0107080909090606
5:566  0:000  === [ GetAcpiTablesList ] =================================
5:572  0:005  Get Acpi Tables List from RSDT:
5:572  0:000   - [00]: FACP  QA09    len=132
5:572  0:000   - [01]: APIC  QA09    len=132
5:572  0:000   - [02]: FPDT  QA09    len=68
5:572  0:000   - [03]: MCFG  QA09    len=60
5:572  0:000   - [04]: SSDT  SataTabl len=882
5:572  0:000   - [05]: FIDT  QA09 len=156
5:572  0:000   - [06]: SSDT  DptfTabl len=33875
5:572  0:000   - [07]: BOOT  QA09     len=40
5:572  0:000   - [08]: SLIC  ALIENWRE len=374
5:572  0:000   - [09]: SSDT  SaSsdt  len=12633
5:572  0:000   - [10]: SSDT  PegSsdt len=10237
5:572  0:000   - [11]: HPET  KBL len=56
5:572  0:000   - [12]: SSDT  xh_rvp11 len=2394
5:572  0:000   - [13]: UEFI  EDK2     len=66
5:572  0:000   - [14]: MSDM  QA09    len=85
5:572  0:000   - [15]: SSDT  CpuSsdt len=3806
5:572  0:000   - [16]: LPIT  KBL len=148
5:572  0:000   - [17]: WSMT  KBL len=40
5:572  0:000   - [18]: SSDT  sensrhub len=671
5:572  0:000   - [19]: SSDT  PtidDevc len=12290
5:572  0:000   - [20]: DBGP   len=52
5:572  0:000   - [21]: DBG2   len=84
5:572  0:000   - [22]: BGRT  QA09    len=56
5:572  0:000   - [23]: SSDT  SgPeg len=174
5:572  0:000   - [24]: DMAR  KBL  len=240
5:572  0:000   - [25]: TPM2  Tpm2Tabl len=52
5:572  0:000   - [26]: SSDT  OptTabl len=7314
5:572  0:000  Calibrated TSC Frequency = 2496368360 = 2496MHz
5:572  0:000  === [ GetUserSettings ] ===================================
5:572  0:000  Add 2 devices:
5:572  0:000  USB FixOwnership: yes
5:572  0:000  Dropping 2 tables:
5:572  0:000   - [00]: Drop table  signature="#MCF" (46434D23)
5:572  0:000           - set table: 46434D23,                0 to drop: no
5:572  0:000   - [01]: Drop table  signature="DMAR" (52414D44)
5:572  0:000           - set table: 52414D44,                0 to drop: yes
5:572  0:000   - final DSDT Fix mask=00000000
5:572  0:000  PatchesDSDT: 15 requested
5:572  0:000   - [00]: (change OSID to XSID (to avoid match against _OSI XOSI patch)) lenToFind: 4, lenToReplace: 4, Target Bridge: <null string>
5:572  0:000    patch disabled at config
5:572  0:000   - [01]: (change _OSI to XOSI) lenToFind: 4, lenToReplace: 4, Target Bridge: <null string>
5:572  0:000    patch disabled at config
5:572  0:000   - [02]: (change _DSM to XDSM) lenToFind: 4, lenToReplace: 4, Target Bridge: <null string>
5:572  0:000    patch disabled at config
5:572  0:000   - [03]: (change EC0 to EC) lenToFind: 4, lenToReplace: 4, Target Bridge: <null string>
5:572  0:000    patch disabled at config
5:572  0:000   - [04]: (change H_EC to EC) lenToFind: 4, lenToReplace: 4, Target Bridge: <null string>
5:572  0:000    patch disabled at config
5:572  0:000   - [05]: (change ECDV to EC) lenToFind: 4, lenToReplace: 4, Target Bridge: <null string>
5:572  0:000    patch disabled at config
5:572  0:000   - [06]: (change HDAS to HDEF) lenToFind: 4, lenToReplace: 4, Target Bridge: <null string>
5:572  0:000   - [07]: (change HECI to IMEI) lenToFind: 4, lenToReplace: 4, Target Bridge: <null string>
5:572  0:000   - [08]: (change MEI to IMEI) lenToFind: 4, lenToReplace: 4, Target Bridge: <null string>
5:572  0:000   - [09]: (change GFX0 to IGPU) lenToFind: 4, lenToReplace: 4, Target Bridge: <null string>
5:572  0:000   - [10]: (change PCI0.VID to IGPU #1 (Thinkpad)) lenToFind: 8, lenToReplace: 8, Target Bridge: <null string>
5:572  0:000   - [11]: (change PCI0.VID to IGPU #2 (Thinkpad)) lenToFind: 14, lenToReplace: 14, Target Bridge: <null string>
5:572  0:000   - [12]: (change EHC1 to EH01) lenToFind: 4, lenToReplace: 4, Target Bridge: <null string>
5:572  0:000   - [13]: (change EHC2 to EH02) lenToFind: 4, lenToReplace: 4, Target Bridge: <null string>
5:572  0:000   - [14]: (change XHCI to XHC) lenToFind: 4, lenToReplace: 4, Target Bridge: <null string>
5:572  0:000  Using ProductName from config: MacBookAir6,2
5:572  0:000  BiosVersion: not set, Using BiosVersion from clover
5:572  0:000  BiosVersion: MBA61.88Z.0108.B00.1809171520
5:572  0:000  BiosReleaseDate: 09/17/2018
5:572  0:000  Using EfiVersion from clover: 110.0.0.0.0
5:572  0:000  Using FirmwareFeatures from clover: 0xE00FE137
5:572  0:000  Using FirmwareFeaturesMask from clover: 0xFF1FFF3F
5:572  0:000  PlatformFeature will not set in SMBIOS
5:573  0:000  found 2 handles with audio
5:573  0:000  got index=2
5:573  0:000  got volume 70
5:573  0:000  === [ Found DSDT tables ] =================================
5:697  0:124  === [ ScanVolumes ] =======================================
5:697  0:000  Found 15 volumes with blockIO
5:697  0:000  - [00]: Volume: PciRoot(0x0)\Pci(0x17,0x0)\Sata(0x2,0xFFFF,0x0)
5:699  0:001  - [01]: Volume: PciRoot(0x0)\Pci(0x17,0x0)\Sata(0x2,0xFFFF,0x0)\HD(1,GPT,1AFFE1A4-E621-4CF7-83DF-5FB9D4F0EC8A,0x64028,0x26C0FFD8)
5:700  0:001          Result of bootcode detection: bootable Windows (vista,win)
5:700  0:000  - [02]: Volume: PciRoot(0x0)\Pci(0x17,0x0)\Sata(0x2,0xFFFF,0x0)\HD(2,GPT,C7223231-0D74-4AEE-B5C5-1D83D5109B39,0x26C74000,0x26C00800)
5:702  0:001          Result of bootcode detection: bootable Windows (vista,win)
5:702  0:000  - [03]: Volume: PciRoot(0x0)\Pci(0x17,0x0)\Sata(0x2,0xFFFF,0x0)\HD(3,GPT,E17C0BC2-FCD1-4CB8-BFC1-20DE561D71B0,0x4D875000,0x26E91D8F)
5:704  0:001          Result of bootcode detection: bootable Windows (vista,win)
5:704  0:000  - [04]: Volume: PciRoot(0x0)\Pci(0x1D,0x0)\Pci(0x0,0x0)\NVMe(0x1,5F-02-10-5B-63-38-25-00)
5:704  0:000  - [05]: Volume: PciRoot(0x0)\Pci(0x1D,0x0)\Pci(0x0,0x0)\NVMe(0x1,5F-02-10-5B-63-38-25-00)\HD(1,GPT,F45AA315-12E5-4306-BF25-E85F1127F7BC,0x1000,0xFF000)
5:704  0:000          Result of bootcode detection: bootable Windows (vista,win)
5:706  0:002          This is SelfVolume !!
5:706  0:000  - [06]: Volume: PciRoot(0x0)\Pci(0x1D,0x0)\Pci(0x0,0x0)\NVMe(0x1,5F-02-10-5B-63-38-25-00)\HD(2,GPT,539E490B-E6F0-4022-A198-F22A4F837DFE,0x100000,0x40000)
5:706  0:000          Result of bootcode detection: bootable unknown (legacy)
5:706  0:000  - [07]: Volume: PciRoot(0x0)\Pci(0x1D,0x0)\Pci(0x0,0x0)\NVMe(0x1,5F-02-10-5B-63-38-25-00)\HD(3,GPT,2D2736E5-41BA-4D13-847E-EE112C852D75,0x140000,0xEE4D9BD)
5:707  0:000          Result of bootcode detection: bootable Windows (vista,win)
5:707  0:000  - [08]: Volume: PciRoot(0x0)\Pci(0x1D,0x0)\Pci(0x0,0x0)\NVMe(0x1,5F-02-10-5B-63-38-25-00)\HD(4,GPT,DDE33091-9149-44E3-81C4-3964E9D6334B,0xEF8E000,0x1B2000)
5:707  0:000          Result of bootcode detection: bootable Windows (vista,win)
5:707  0:000  - [09]: Volume: PciRoot(0x0)\Pci(0x1D,0x0)\Pci(0x0,0x0)\NVMe(0x1,5F-02-10-5B-63-38-25-00)\HD(5,GPT,7B3A062A-E80D-40C7-AAF3-D8D9DC202AC6,0xF140800,0x200A028F)
5:707  0:000          Result of bootcode detection: bootable Windows (vista,win)
5:707  0:000  - [10]: Volume: PciRoot(0x0)\Pci(0x1D,0x0)\Pci(0x0,0x0)\NVMe(0x1,5F-02-10-5B-63-38-25-00)\HD(6,GPT,0F965F4E-861F-3743-AE51-66ABE1AEC691,0x2F1E1000,0xC800288)
5:707  0:000          Result of bootcode detection: bootable unknown (legacy)
5:707  0:000  - [11]: Volume: PciRoot(0x0)\Pci(0x1D,0x0)\Pci(0x0,0x0)\NVMe(0x1,5F-02-10-5B-63-38-25-00)\HD(6,GPT,0F965F4E-861F-3743-AE51-66ABE1AEC691,0x2F1E1000,0xC800288)\VenMedia(BE74FCF7-0B7C-49F3-9147-01F4042E6842,35CC07111F4326449679FAE6D0004CF5)
5:707  0:000  - [12]: Volume: PciRoot(0x0)\Pci(0x1D,0x0)\Pci(0x0,0x0)\NVMe(0x1,5F-02-10-5B-63-38-25-00)\HD(6,GPT,0F965F4E-861F-3743-AE51-66ABE1AEC691,0x2F1E1000,0xC800288)\VenMedia(BE74FCF7-0B7C-49F3-9147-01F4042E6842,629B137BF70E3746B24D862E9220B685)
5:707  0:000  - [13]: Volume: PciRoot(0x0)\Pci(0x1D,0x0)\Pci(0x0,0x0)\NVMe(0x1,5F-02-10-5B-63-38-25-00)\HD(6,GPT,0F965F4E-861F-3743-AE51-66ABE1AEC691,0x2F1E1000,0xC800288)\VenMedia(BE74FCF7-0B7C-49F3-9147-01F4042E6842,0B4A6470FCFD1F4092BCE1E7041071A9)
5:707  0:000  - [14]: Volume: PciRoot(0x0)\Pci(0x1D,0x0)\Pci(0x0,0x0)\NVMe(0x1,5F-02-10-5B-63-38-25-00)\HD(6,GPT,0F965F4E-861F-3743-AE51-66ABE1AEC691,0x2F1E1000,0xC800288)\VenMedia(BE74FCF7-0B7C-49F3-9147-01F4042E6842,1F766CB81476444B99FFC364CA2D093B)
5:709  0:001  PutNvramPlistToRtVars: nvram.plist not found
5:709  0:000  === [ InitTheme ] =========================================
5:709  0:000  use daylight theme
5:711  0:002  Using theme 'Hackintosh_ID' (EFI\CLOVER\themes\Hackintosh_ID)
5:711  0:000  OS main and drive as badge
5:711  0:000  file sound read: sound.wav Not Found
5:712  0:000  Loading font from ThemeDir: Success
5:713  0:000  theme inited
5:713  0:000  Chosen theme Hackintosh_ID
5:713  0:000  after NVRAM boot-args=-lilubetaall debug=0x100 -disablegfxfirmware -v darkwake=8
5:713  0:000  === [ Dump SMC keys from NVRAM ] ==========================
5:713  0:000  found AppleSMC protocol
5:713  0:000  Registered 17 SMC keys
5:713  0:000  === [ AddCustomEntries ] ==================================
5:713  0:000  Custom entry 0 skipped because it is disabled.
5:713  0:000  === [ ScanLoader ] ========================================
5:713  0:000  - [05]: 'EFI'
5:714  0:000          AddLoaderEntry for Volume Name=EFI
5:714  0:000      Not match custom entry 0: Type: not match
5:773  0:058          AddLoaderEntry for Volume Name=EFI
5:773  0:000          skipped because entry is hidden
5:773  0:000  - [11]: 'Preboot'
5:779  0:005          AddLoaderEntry for Volume Name=Preboot
5:779  0:000      Not match custom entry 0: Type: not match
5:785  0:006      hibernated: set as never
5:791  0:005          AddLoaderEntry for Volume Name=Preboot
5:791  0:000      Not match custom entry 0: Type: not match
5:860  0:069  - [12]: 'Macintosh HD'
5:914  0:054          AddLoaderEntry for Volume Name=Macintosh HD
5:914  0:000      Not match custom entry 0: Type: not match
5:927  0:012      hibernated: set as never
6:003  0:076  - [13]: 'Recovery'
6:008  0:004          AddLoaderEntry for Volume Name=Recovery
6:008  0:000      Not match custom entry 0: Type: not match
6:074  0:066  - [14]: 'VM'
6:124  0:050  Scanning legacy ...
6:124  0:000   1: 'Legacy HD1' (vista,win) add legacy
6:126  0:001   added 'Boot Windows from Legacy HD1' OSType=2 Icon=vista,win
6:126  0:000   2: 'Legacy HD2' (vista,win) add legacy
6:128  0:001   added 'Boot Windows from Legacy HD2' OSType=2 Icon=vista,win
6:128  0:000   3: 'Legacy HD3' (vista,win) add legacy
6:129  0:001   added 'Boot Windows from Legacy HD3' OSType=2 Icon=vista,win
6:129  0:000   5: 'EFI' (vista,win) add legacy
6:131  0:001   added 'Boot Windows from EFI' OSType=2 Icon=vista,win
6:131  0:000   7: 'Legacy HD3' (vista,win) add legacy
6:133  0:001   added 'Boot Windows from Legacy HD3' OSType=2 Icon=vista,win
6:133  0:000   8: 'Legacy HD4' (vista,win) add legacy
6:135  0:001   added 'Boot Windows from Legacy HD4' OSType=2 Icon=vista,win
6:135  0:000   9: 'Legacy HD5' (vista,win) add legacy
6:137  0:001   added 'Boot Windows from Legacy HD5' OSType=2 Icon=vista,win
6:137  0:000  === [ AddCustomTool ] =====================================
6:137  0:000  found tool \EFI\CLOVER\tools\Shell64U.efi
6:137  0:000  Checking EFI partition Volume 5 for Clover
6:137  0:000   Found Clover
6:138  0:000  EmuVariable UninstallEmulation: CloseEvent = Success, original var services restored
6:139  0:001  EmuVariable InstallEmulation: orig vars copied, emu.var.services installed, CreateEvent VirtualAddressChange = Success, CreateEvent ExitBootServices = Success, set Status=Success
6:303  0:163  === [ GetEfiBootDeviceFromNvram ] =========================
6:303  0:000  Default boot entry not found
6:303  0:000  EmuVariable UninstallEmulation: CloseEvent = Success, original var services restored
6:303  0:000  DefaultIndex=-1 and MainMenu.EntryCount=18
6:303  0:000  not run anime
6:414  0:111  GUI ready
10:223  3:808  Found UEFI Acpi 2.0 RSDP at 6F32C000
10:223  0:000  Saving ACPI tables from RSDP 6F32C000 to EFI\CLOVER\ACPI\origin ...
10:223  0:000   6F32C000: 'RSD PTR ', Rev: 2 (Acpi 2.0 or newer), Len: 36 -> RSDP.aml
10:250  0:027    (Xsdt: 6F32C0C0, Rsdt: 6F32C028)
10:250  0:000    6F32C0C0: 'XSDT', 'QA09', Rev: 1, Len: 252 -> XSDT.aml
10:276  0:025    6F32C028: 'RSDT', 'QA09', Rev: 1, Len: 144 -> RSDT.aml
10:302  0:026    Tables in Xsdt: 27
10:302  0:000    0. 6F350980: 'FACP', 'QA09', Rev: 6, Len: 276 -> FACP.aml
10:328  0:025        (Dsdt: 6F32C248, Facs: 6FB7DC80, XDsdt: 6F32C248, XFacs: 0)
10:328  0:000        6F32C248: 'DSDT', 'QA09', Rev: 2, Len: 149297 -> DSDT.aml
10:359  0:031        6FB7DC80: 'FACS', Ver: 2, Len: 64 -> FACS.aml
10:385  0:025    1. 6F350A98: 'APIC', 'QA09', Rev: 3, Len: 132 -> APIC.aml
10:411  0:025    2. 6F350B20: 'FPDT', 'QA09', Rev: 1, Len: 68 -> FPDT.aml
10:436  0:025    3. 6F350B68: 'MCFG', 'QA09', Rev: 1, Len: 60 -> MCFG.aml
10:463  0:026    4. 6F350BA8: 'SSDT', 'SataTabl', Rev: 1, Len: 882 -> SSDT-0-SataTabl.aml
10:489  0:025    5. 6F350F20: 'FIDT', 'QA09', Rev: 1, Len: 156 -> FIDT.aml
10:515  0:025    6. 6F350FC0: 'SSDT', 'DptfTabl', Rev: 2, Len: 33875 -> SSDT-1-DptfTabl.aml
10:541  0:026    7. 6F359418: 'BOOT', 'QA09', Rev: 1, Len: 40 -> BOOT.aml
10:568  0:027    8. 6F359440: 'SLIC', 'ALIENWRE', Rev: 1, Len: 374 -> SLIC.aml
10:594  0:025    9. 6F3595B8: 'SSDT', 'SaSsdt', Rev: 2, Len: 12633 -> SSDT-2-SaSsdt.aml
10:620  0:026    10. 6F35C718: 'SSDT', 'PegSsdt', Rev: 2, Len: 10237 -> SSDT-3-PegSsdt.aml
10:648  0:027    11. 6F35EF18: 'HPET', 'KBL', Rev: 1, Len: 56 -> HPET.aml
10:673  0:025    12. 6F35EF50: 'SSDT', 'xh_rvp11', Rev: 2, Len: 2394 -> SSDT-4-xh_rvp11.aml
10:699  0:025    13. 6F35F8B0: 'UEFI', 'EDK2', Rev: 1, Len: 66 -> UEFI.aml
10:725  0:025    14. 6F35F8F8: 'MSDM', 'QA09', Rev: 3, Len: 85 -> MSDM.aml
10:752  0:027    15. 6F35F950: 'SSDT', 'CpuSsdt', Rev: 2, Len: 3806 -> SSDT-5-CpuSsdt.aml (Found hidden SSDT 7 pcs)
10:778  0:025        * 6F2E1398: 'SSDT', 'Cpu0Ist', Rev: 2, Len: 1518  53 53 44 54 EE 05 00 00 02 6A 50 6D 52 65 66 00 Internal length = 1518 -> SSDT-x5_0-Cpu0Ist.aml
10:804  0:026        * 6E6AD018: 'SSDT', 'ApIst', Rev: 2, Len: 1628  53 53 44 54 5C 06 00 00 02 AF 50 6D 52 65 66 00 Internal length = 1628 -> SSDT-x5_1-ApIst.aml
10:830  0:025        * 6E6AD898: 'SSDT', 'Cpu0Cst', Rev: 2, Len: 1023  53 53 44 54 FF 03 00 00 02 AF 50 6D 52 65 66 00 Internal length = 1023 -> SSDT-x5_2-Cpu0Cst.aml
10:857  0:026        * 6E6ADDD8: 'SSDT', 'ApCst', Rev: 2, Len: 394  53 53 44 54 8A 01 00 00 02 39 50 6D 52 65 66 00 Internal length = 394 -> SSDT-x5_3-ApCst.aml
10:882  0:025        * 6B31FDD8: 'SSDT', 'Cpu0Hwp', Rev: 2, Len: 277  53 53 44 54 15 01 00 00 02 AE 50 6D 52 65 66 00 Internal length = 277 -> SSDT-x5_4-Cpu0Hwp.aml
10:908  0:025        * 6B326298: 'SSDT', 'ApHwp', Rev: 2, Len: 407  53 53 44 54 97 01 00 00 02 F1 50 6D 52 65 66 00 Internal length = 407 -> SSDT-x5_5-ApHwp.aml
10:934  0:025        * 6B31B018: 'SSDT', 'HwpLvt', Rev: 2, Len: 420  53 53 44 54 A4 01 00 00 02 3C 50 6D 52 65 66 00 Internal length = 420 -> SSDT-x5_6-HwpLvt.aml
10:960  0:026  
10:960  0:000    16. 6F360830: 'LPIT', 'KBL', Rev: 1, Len: 148 -> LPIT.aml
10:986  0:025    17. 6F3608C8: 'WSMT', 'KBL', Rev: 1, Len: 40 -> WSMT.aml
11:012  0:026    18. 6F3608F0: 'SSDT', 'sensrhub', Rev: 2, Len: 671 -> SSDT-6-sensrhub.aml
11:038  0:025    19. 6F360B90: 'SSDT', 'PtidDevc', Rev: 2, Len: 12290 -> SSDT-7-PtidDevc.aml
11:064  0:026    20. 6F363B98: 'DBGP', '', Rev: 1, Len: 52 -> DBGP.aml
11:090  0:025    21. 6F363BD0: 'DBG2', '', Rev: 0, Len: 84 -> DBG2.aml
11:116  0:026    22. 6F363C28: 'BGRT', 'QA09', Rev: 1, Len: 56 -> BGRT.aml
11:142  0:025    23. 6F363C60: 'SSDT', 'SgPeg', Rev: 2, Len: 174 -> SSDT-8-SgPeg.aml
11:169  0:026    24. 6F363D10: 'DMAR', 'KBL', Rev: 1, Len: 240 -> DMAR.aml
11:195  0:026    25. 6F363E00: 'TPM2', 'Tpm2Tabl', Rev: 3, Len: 52 -> TPM2.aml
11:221  0:025    26. 6F363E38: 'SSDT', 'OptTabl', Rev: 1, Len: 7314 -> SSDT-9-OptTabl.aml
11:247  0:026    Tables in Rsdt: 27
11:247  0:000    0. 6F32C1C0: 'FACP', 'QA09', Rev: 2, Len: 132 -> RSDT-FACP.aml
11:273  0:026        (Dsdt: 6F32C248, Facs: 6FB7DC40)
11:273  0:000        6F32C248: 'DSDT', 'QA09', Rev: 2, Len: 149297
11:276  0:002        6FB7DC40: 'FACS', Ver: 0, Len: 64 -> RSDT-FACS.aml
11:301  0:025    1. 6F350A98: 'APIC', 'QA09', Rev: 3, Len: 132
11:301  0:000    2. 6F350B20: 'FPDT', 'QA09', Rev: 1, Len: 68
11:301  0:000    3. 6F350B68: 'MCFG', 'QA09', Rev: 1, Len: 60
11:301  0:000    4. 6F350BA8: 'SSDT', 'SataTabl', Rev: 1, Len: 882
11:301  0:000    5. 6F350F20: 'FIDT', 'QA09', Rev: 1, Len: 156
11:301  0:000    6. 6F350FC0: 'SSDT', 'DptfTabl', Rev: 2, Len: 33875
11:301  0:000    7. 6F359418: 'BOOT', 'QA09', Rev: 1, Len: 40
11:301  0:000    8. 6F359440: 'SLIC', 'ALIENWRE', Rev: 1, Len: 374
11:301  0:000    9. 6F3595B8: 'SSDT', 'SaSsdt', Rev: 2, Len: 12633
11:301  0:000    10. 6F35C718: 'SSDT', 'PegSsdt', Rev: 2, Len: 10237
11:301  0:000    11. 6F35EF18: 'HPET', 'KBL', Rev: 1, Len: 56
11:301  0:000    12. 6F35EF50: 'SSDT', 'xh_rvp11', Rev: 2, Len: 2394
11:301  0:000    13. 6F35F8B0: 'UEFI', 'EDK2', Rev: 1, Len: 66
11:301  0:000    14. 6F35F8F8: 'MSDM', 'QA09', Rev: 3, Len: 85
11:301  0:000    15. 6F35F950: 'SSDT', 'CpuSsdt', Rev: 2, Len: 3806
11:301  0:000    16. 6F360830: 'LPIT', 'KBL', Rev: 1, Len: 148
11:301  0:000    17. 6F3608C8: 'WSMT', 'KBL', Rev: 1, Len: 40
11:301  0:000    18. 6F3608F0: 'SSDT', 'sensrhub', Rev: 2, Len: 671
11:301  0:000    19. 6F360B90: 'SSDT', 'PtidDevc', Rev: 2, Len: 12290
11:301  0:000    20. 6F363B98: 'DBGP', '', Rev: 1, Len: 52
11:301  0:000    21. 6F363BD0: 'DBG2', '', Rev: 0, Len: 84
11:301  0:000    22. 6F363C28: 'BGRT', 'QA09', Rev: 1, Len: 56
11:301  0:000    23. 6F363C60: 'SSDT', 'SgPeg', Rev: 2, Len: 174
11:301  0:000    24. 6F363D10: 'DMAR', 'KBL', Rev: 1, Len: 240
11:301  0:000    25. 6F363E00: 'TPM2', 'Tpm2Tabl', Rev: 3, Len: 52
11:301  0:000    26. 6F363E38: 'SSDT', 'OptTabl', Rev: 1, Len: 7314
11:301  0:000  Found UEFI Acpi 1.0 RSDP at 6F32C000
11:301  0:000  Printing ACPI tables from RSDP 6F32C000 ...
11:301  0:000   6F32C000: 'RSD PTR ', Rev: 2 (Acpi 2.0 or newer), Len: 36
11:301  0:000    (Xsdt: 6F32C0C0, Rsdt: 6F32C028)
11:301  0:000    6F32C0C0: 'XSDT', 'QA09', Rev: 1, Len: 252
11:301  0:000    6F32C028: 'RSDT', 'QA09', Rev: 1, Len: 144
11:301  0:000    Tables in Xsdt: 27
11:301  0:000    0. 6F350980: 'FACP', 'QA09', Rev: 6, Len: 276
11:301  0:000        (Dsdt: 6F32C248, Facs: 6FB7DC80, XDsdt: 6F32C248, XFacs: 0)
11:301  0:000        6F32C248: 'DSDT', 'QA09', Rev: 2, Len: 149297
11:304  0:002        6FB7DC80: 'FACS', Ver: 2, Len: 64
11:304  0:000    1. 6F350A98: 'APIC', 'QA09', Rev: 3, Len: 132
11:304  0:000    2. 6F350B20: 'FPDT', 'QA09', Rev: 1, Len: 68
11:304  0:000    3. 6F350B68: 'MCFG', 'QA09', Rev: 1, Len: 60
11:304  0:000    4. 6F350BA8: 'SSDT', 'SataTabl', Rev: 1, Len: 882
11:304  0:000    5. 6F350F20: 'FIDT', 'QA09', Rev: 1, Len: 156
11:304  0:000    6. 6F350FC0: 'SSDT', 'DptfTabl', Rev: 2, Len: 33875
11:304  0:000    7. 6F359418: 'BOOT', 'QA09', Rev: 1, Len: 40
11:304  0:000    8. 6F359440: 'SLIC', 'ALIENWRE', Rev: 1, Len: 374
11:304  0:000    9. 6F3595B8: 'SSDT', 'SaSsdt', Rev: 2, Len: 12633
11:304  0:000    10. 6F35C718: 'SSDT', 'PegSsdt', Rev: 2, Len: 10237
11:304  0:000    11. 6F35EF18: 'HPET', 'KBL', Rev: 1, Len: 56
11:304  0:000    12. 6F35EF50: 'SSDT', 'xh_rvp11', Rev: 2, Len: 2394
11:304  0:000    13. 6F35F8B0: 'UEFI', 'EDK2', Rev: 1, Len: 66
11:304  0:000    14. 6F35F8F8: 'MSDM', 'QA09', Rev: 3, Len: 85
11:304  0:000    15. 6F35F950: 'SSDT', 'CpuSsdt', Rev: 2, Len: 3806
11:304  0:000    16. 6F360830: 'LPIT', 'KBL', Rev: 1, Len: 148
11:304  0:000    17. 6F3608C8: 'WSMT', 'KBL', Rev: 1, Len: 40
11:304  0:000    18. 6F3608F0: 'SSDT', 'sensrhub', Rev: 2, Len: 671
11:304  0:000    19. 6F360B90: 'SSDT', 'PtidDevc', Rev: 2, Len: 12290
11:304  0:000    20. 6F363B98: 'DBGP', '', Rev: 1, Len: 52
11:304  0:000    21. 6F363BD0: 'DBG2', '', Rev: 0, Len: 84
11:304  0:000    22. 6F363C28: 'BGRT', 'QA09', Rev: 1, Len: 56
11:304  0:000    23. 6F363C60: 'SSDT', 'SgPeg', Rev: 2, Len: 174
11:304  0:000    24. 6F363D10: 'DMAR', 'KBL', Rev: 1, Len: 240
11:304  0:000    25. 6F363E00: 'TPM2', 'Tpm2Tabl', Rev: 3, Len: 52
11:304  0:000    26. 6F363E38: 'SSDT', 'OptTabl', Rev: 1, Len: 7314
11:304  0:000    Tables in Rsdt: 27
11:304  0:000    0. 6F32C1C0: 'FACP', 'QA09', Rev: 2, Len: 132
11:304  0:000        (Dsdt: 6F32C248, Facs: 6FB7DC40)
11:304  0:000        6F32C248: 'DSDT', 'QA09', Rev: 2, Len: 149297
11:307  0:002        6FB7DC40: 'FACS', Ver: 0, Len: 64
11:307  0:000    1. 6F350A98: 'APIC', 'QA09', Rev: 3, Len: 132
11:307  0:000    2. 6F350B20: 'FPDT', 'QA09', Rev: 1, Len: 68
11:307  0:000    3. 6F350B68: 'MCFG', 'QA09', Rev: 1, Len: 60
11:307  0:000    4. 6F350BA8: 'SSDT', 'SataTabl', Rev: 1, Len: 882
11:307  0:000    5. 6F350F20: 'FIDT', 'QA09', Rev: 1, Len: 156
11:307  0:000    6. 6F350FC0: 'SSDT', 'DptfTabl', Rev: 2, Len: 33875
11:307  0:000    7. 6F359418: 'BOOT', 'QA09', Rev: 1, Len: 40
11:307  0:000    8. 6F359440: 'SLIC', 'ALIENWRE', Rev: 1, Len: 374
11:307  0:000    9. 6F3595B8: 'SSDT', 'SaSsdt', Rev: 2, Len: 12633
11:307  0:000    10. 6F35C718: 'SSDT', 'PegSsdt', Rev: 2, Len: 10237
11:307  0:000    11. 6F35EF18: 'HPET', 'KBL', Rev: 1, Len: 56
11:307  0:000    12. 6F35EF50: 'SSDT', 'xh_rvp11', Rev: 2, Len: 2394
11:307  0:000    13. 6F35F8B0: 'UEFI', 'EDK2', Rev: 1, Len: 66
11:307  0:000    14. 6F35F8F8: 'MSDM', 'QA09', Rev: 3, Len: 85
11:307  0:000    15. 6F35F950: 'SSDT', 'CpuSsdt', Rev: 2, Len: 3806
11:307  0:000    16. 6F360830: 'LPIT', 'KBL', Rev: 1, Len: 148
11:307  0:000    17. 6F3608C8: 'WSMT', 'KBL', Rev: 1, Len: 40
11:307  0:000    18. 6F3608F0: 'SSDT', 'sensrhub', Rev: 2, Len: 671
11:307  0:000    19. 6F360B90: 'SSDT', 'PtidDevc', Rev: 2, Len: 12290
11:307  0:000    20. 6F363B98: 'DBGP', '', Rev: 1, Len: 52
11:307  0:000    21. 6F363BD0: 'DBG2', '', Rev: 0, Len: 84
11:307  0:000    22. 6F363C28: 'BGRT', 'QA09', Rev: 1, Len: 56
11:307  0:000    23. 6F363C60: 'SSDT', 'SgPeg', Rev: 2, Len: 174
11:307  0:000    24. 6F363D10: 'DMAR', 'KBL', Rev: 1, Len: 240
11:307  0:000    25. 6F363E00: 'TPM2', 'Tpm2Tabl', Rev: 3, Len: 52
11:307  0:000    26. 6F363E38: 'SSDT', 'OptTabl', Rev: 1, Len: 7314
25:070  13:762  BootVariable of the entry is empty
25:070  0:000  === [ StartLoader ] =======================================
25:070  0:000  Finally: ExternalClock=25MHz BusSpeed=99855kHz CPUFreq=2496MHz PIS: hw.busfrequency=100000000Hz
25:070  0:000  Loading boot.efi  status=Success
25:151  0:081  GetOSVersion: 10.14.3 (18D42)
25:151  0:000  CSR_CFG: CSR_ALLOW_UNTRUSTED_KEXTS | CSR_ALLOW_UNRESTRICTED_FS | CSR_ALLOW_TASK_FOR_PID | CSR_ALLOW_UNRESTRICTED_DTRACE | CSR_ALLOW_UNRESTRICTED_NVRAM
25:151  0:000  Filtering KextPatches:
25:151  0:000   - [00]: IOBufferCopyController (disable IOBufferCopyController (Credit by DalianSky)) :: PlistPatch :: [OS: 10.14.3 | MatchOS: All | MatchBuild: All] ==> allowed
25:151  0:000   - [01]: com.apple.driver.usb.AppleUSBXHCI (10.13.x USB Port Limit Patch) :: BinPatch :: [OS: 10.14.3 | MatchOS: 10.13.4,10.13.5 | MatchBuild: All] ==> not allowed
25:151  0:000   - [02]: com.apple.driver.usb.AppleUSBXHCI (USB 10.13.6 by PMHeart) :: BinPatch :: [OS: 10.14.3 | MatchOS: 10.13.6 | MatchBuild: All] ==> not allowed
25:151  0:000   - [03]: com.apple.driver.usb.AppleUSBXHCI (disable USB Port Limit Patch (PMheart) for 10.14 beta2) :: BinPatch :: [OS: 10.14.3 | MatchOS: 10.14 | MatchBuild: All] ==> allowed
25:151  0:000   - [04]: com.apple.iokit.IOUSBHostFamily (USB port limit patch 10.14.x modify by DalianSky(credit ydeng)) :: BinPatch :: [OS: 10.14.3 | MatchOS: 10.14.x | MatchBuild: All] ==> allowed
25:151  0:000   - [05]: com.apple.driver.usb.AppleUSBXHCI (USB Port limit patch 10.14.x modify by DalianSky(credits PMheart)) :: BinPatch :: [OS: 10.14.3 | MatchOS: 10.14.x | MatchBuild: All] ==> allowed
25:151  0:000  Filtering KernelPatches:
25:151  0:000   - [00]: Disable panic kext logging on 10.13 Debug kernel :: [OS: 10.14.3 | MatchOS: 10.13 | MatchBuild: no] ==> not allowed by OS
25:151  0:000   - [01]: Disable panic kext logging on 10.13 Release kernel :: [OS: 10.14.3 | MatchOS: 10.13 | MatchBuild: no] ==> not allowed by OS
25:151  0:000   - [02]: Disable panic kext logging on 10.14 Release kernel (c) vit9696 :: [OS: 10.14.3 | MatchOS: 10.14.x | MatchBuild: no] ==> allowed by OS
25:151  0:000   - [03]: MSR 0xE2 _xcpm_idle instant reboot(c) Pike R. Alpha :: [OS: 10.14.3 | MatchOS: All | MatchBuild: no] ==> allowed by OS
25:151  0:000  Will not patch boot.efi
25:151  0:000  EmuVariable InstallEmulation: orig vars copied, emu.var.services installed, CreateEvent VirtualAddressChange = Success, CreateEvent ExitBootServices = Success, set Status=Success
25:316  0:164  === [ PatchSmbios ] =======================================
25:316  0:000  insert table 9 for dev 0:0
25:316  0:000  insert table 9 for dev 0:0
25:317  0:001  Trusting SMBIOS...
25:317  0:000  Detected alternating SMBIOS channel banks
25:317  0:000  Channels: 2
25:317  0:000  Interleave: 0 2 1 3 4 6 5 7 8 10 9 11 12 14 13 15 16 18 17 19 20 22 21 23
25:317  0:000   partNum=8ATF1G64HZ-2G3B1    
25:317  0:000  SMBIOS Type 17 Index = 0 => 0 0:
25:317  0:000  BANK 0 DIMM0 2400MHz 8192MB
25:317  0:000   partNum=8ATF1G64HZ-2G3H1    
25:317  0:000  SMBIOS Type 17 Index = 1 => 1 2:
25:317  0:000  BANK 1 DIMM0 2400MHz 8192MB
25:317  0:000  mTotalSystemMemory = 16384
25:317  0:000  NumberOfMemoryDevices = 2
25:317  0:000  Type20[0]->End = 0x7FFFFF, Type17[0] = 0x2000
25:318  0:000  Type20[1]->End = 0xFFFFFF, Type17[1] = 0x6000
25:318  0:000  Table 131 is present, CPUType=31
25:318  0:000  Change to: 605
25:318  0:000  === [ PatchACPI ] =========================================
25:318  0:000  Xsdt reallocation done
25:318  0:000  old FADT length=114
25:318  0:000   SignatureFixup: 0xDCDDF72A -> 0x0
25:319  0:001  Apply DsdtFixMask=0x00000000
25:319  0:000     drop _DSM mask=0xFFFF
25:319  0:000  === [ FixBiosDsdt ] =======================================
25:319  0:000  Patching DSDT:
25:319  0:000   - [change OSID to XSID (to avoid match against _OSI XOSI patch)]: disabled
25:319  0:000   - [change _OSI to XOSI]: disabled
25:319  0:000   - [change _DSM to XDSM]: disabled
25:319  0:000   - [change EC0 to EC]: disabled
25:319  0:000   - [change H_EC to EC]: disabled
25:319  0:000   - [change ECDV to EC]: disabled
25:319  0:000   - [change HDAS to HDEF]: pattern 48444153, patched at: [ (2FD) (12) (12) (A728) (15A1) (84) (D) (2B) (32) (4F) (6F) (C3) (13A58) ]
25:319  0:000   - [change HECI to IMEI]: pattern 48454349, patched at: [ (105E3) ]
25:320  0:000   - [change MEI to IMEI]: pattern 4D45495F, bin not found / already patched!
25:320  0:000   - [change GFX0 to IGPU]: pattern 47465830, patched at: [ (51) (12) (12) (12) (12) (12) (12) (12) (12) (12) (12) (12) (12) (12) (12) (6A) (12) (355) (12) (50) (117) (3453) (5E8E) (7276) (1B) (3268) (14) (8A3F) (151A) (233F) (207C) (86B) (2F) (1D) (F) (2B5) (2F) (1D) (F) (936) (12) (5) (300) (D) (13) (E) (E) (E) ]
25:320  0:000   - [change PCI0.VID to IGPU #1 (Thinkpad)]: pattern 50434930, bin not found / already patched!
25:320  0:000   - [change PCI0.VID to IGPU #2 (Thinkpad)]: pattern 5649445F, bin not found / already patched!
25:321  0:000   - [change EHC1 to EH01]: pattern 45484331, bin not found / already patched!
25:321  0:000   - [change EHC2 to EH02]: pattern 45484332, bin not found / already patched!
25:321  0:000   - [change XHCI to XHC]: pattern 58484349, patched at: [ (BF38) ]
25:321  0:000    0 replacements
25:322  0:000  PreCleanup XSDT: count=27, length=252
25:322  0:000  PreCleanup XSDT, corrected XSDT: count=27, length=252
25:322  0:000  === [ ACPIPatchedAML ] ====================================
25:322  0:000  AutoMerge pass 1
25:322  0:000  Unsorted
25:322  0:000  Inserting SSDT-Disable-DGPU.aml from EFI\CLOVER\ACPI\patched: ignore on pass 1
25:322  0:000  Inserting SSDT-UIAC-ALL.aml from EFI\CLOVER\ACPI\patched: ignore on pass 1
25:322  0:000  === [ ACPIDropTables ] ====================================
25:322  0:000  Drop tables from XSDT, SIGN=DMAR TableID=KBL  Length=240
25:322  0:000   Table[24]: DMAR  KBL   240 dropped
25:322  0:000  0. [change OSID to XSID (to avoid match against _OSI XOSI patch)]: disabled
25:322  0:000  1. [change _OSI to XOSI]: disabled
25:322  0:000  2. [change _DSM to XDSM]: disabled
25:322  0:000  3. [change EC0 to EC]: disabled
25:322  0:000  4. [change H_EC to EC]: disabled
25:322  0:000  5. [change ECDV to EC]: disabled
25:322  0:000  6. [change HDAS to HDEF]: pattern 48444153, bin not found / already patched!
25:322  0:000  7. [change HECI to IMEI]: pattern 48454349, bin not found / already patched!
25:322  0:000  8. [change MEI to IMEI]: pattern 4D45495F, bin not found / already patched!
25:322  0:000  9. [change GFX0 to IGPU]: pattern 47465830, bin not found / already patched!
25:322  0:000  10. [change PCI0.VID to IGPU #1 (Thinkpad)]: pattern 50434930, bin not found / already patched!
25:322  0:000  11. [change PCI0.VID to IGPU #2 (Thinkpad)]: pattern 5649445F, bin not found / already patched!
25:322  0:000  12. [change EHC1 to EH01]: pattern 45484331, bin not found / already patched!
25:322  0:000  13. [change EHC2 to EH02]: pattern 45484332, bin not found / already patched!
25:322  0:000  14. [change XHCI to XHC]: pattern 58484349, bin not found / already patched!
25:322  0:000    0 replacements
25:322  0:000  0. [change OSID to XSID (to avoid match against _OSI XOSI patch)]: disabled
25:322  0:000  1. [change _OSI to XOSI]: disabled
25:322  0:000  2. [change _DSM to XDSM]: disabled
25:322  0:000  3. [change EC0 to EC]: disabled
25:322  0:000  4. [change H_EC to EC]: disabled
25:322  0:000  5. [change ECDV to EC]: disabled
25:322  0:000  6. [change HDAS to HDEF]: pattern 48444153, bin not found / already patched!
25:322  0:000  7. [change HECI to IMEI]: pattern 48454349, bin not found / already patched!
25:322  0:000  8. [change MEI to IMEI]: pattern 4D45495F, bin not found / already patched!
25:322  0:000  9. [change GFX0 to IGPU]: pattern 47465830, patched at: [ (E37) (16) (16) (16) (2CAA) (15) (25) (14) (1F) (15) (22) (15) ]
25:322  0:000  10. [change PCI0.VID to IGPU #1 (Thinkpad)]: pattern 50434930, bin not found / already patched!
25:322  0:000  11. [change PCI0.VID to IGPU #2 (Thinkpad)]: pattern 5649445F, bin not found / already patched!
25:322  0:000  12. [change EHC1 to EH01]: pattern 45484331, bin not found / already patched!
25:323  0:000  13. [change EHC2 to EH02]: pattern 45484332, bin not found / already patched!
25:323  0:000  14. [change XHCI to XHC]: pattern 58484349, bin not found / already patched!
25:323  0:000    0 replacements
25:323  0:000  0. [change OSID to XSID (to avoid match against _OSI XOSI patch)]: disabled
25:323  0:000  1. [change _OSI to XOSI]: disabled
25:323  0:000  2. [change _DSM to XDSM]: disabled
25:323  0:000  3. [change EC0 to EC]: disabled
25:323  0:000  4. [change H_EC to EC]: disabled
25:323  0:000  5. [change ECDV to EC]: disabled
25:323  0:000  6. [change HDAS to HDEF]: pattern 48444153, bin not found / already patched!
25:323  0:000  7. [change HECI to IMEI]: pattern 48454349, bin not found / already patched!
25:323  0:000  8. [change MEI to IMEI]: pattern 4D45495F, bin not found / already patched!
25:323  0:000  9. [change GFX0 to IGPU]: pattern 47465830, patched at: [ (2D) (20) (46) (2A0) (1C8A) (A3A) (1D) (6EC) ]
25:323  0:000  10. [change PCI0.VID to IGPU #1 (Thinkpad)]: pattern 50434930, bin not found / already patched!
25:323  0:000  11. [change PCI0.VID to IGPU #2 (Thinkpad)]: pattern 5649445F, bin not found / already patched!
25:323  0:000  12. [change EHC1 to EH01]: pattern 45484331, bin not found / already patched!
25:323  0:000  13. [change EHC2 to EH02]: pattern 45484332, bin not found / already patched!
25:323  0:000  14. [change XHCI to XHC]: pattern 58484349, bin not found / already patched!
25:323  0:000    0 replacements
25:323  0:000  Found OperationRegion(SANV, SystemMemory, 6FB7D4D8, ...)
25:323  0:000  0. [change OSID to XSID (to avoid match against _OSI XOSI patch)]: disabled
25:323  0:000  1. [change _OSI to XOSI]: disabled
25:323  0:000  2. [change _DSM to XDSM]: disabled
25:323  0:000  3. [change EC0 to EC]: disabled
25:323  0:000  4. [change H_EC to EC]: disabled
25:323  0:000  5. [change ECDV to EC]: disabled
25:323  0:000  6. [change HDAS to HDEF]: pattern 48444153, bin not found / already patched!
25:323  0:000  7. [change HECI to IMEI]: pattern 48454349, bin not found / already patched!
25:323  0:000  8. [change MEI to IMEI]: pattern 4D45495F, bin not found / already patched!
25:323  0:000  9. [change GFX0 to IGPU]: pattern 47465830, bin not found / already patched!
25:323  0:000  10. [change PCI0.VID to IGPU #1 (Thinkpad)]: pattern 50434930, bin not found / already patched!
25:323  0:000  11. [change PCI0.VID to IGPU #2 (Thinkpad)]: pattern 5649445F, bin not found / already patched!
25:323  0:000  12. [change EHC1 to EH01]: pattern 45484331, bin not found / already patched!
25:323  0:000  13. [change EHC2 to EH02]: pattern 45484332, bin not found / already patched!
25:323  0:000  14. [change XHCI to XHC]: pattern 58484349, bin not found / already patched!
25:323  0:000    0 replacements
25:323  0:000  0. [change OSID to XSID (to avoid match against _OSI XOSI patch)]: disabled
25:323  0:000  1. [change _OSI to XOSI]: disabled
25:323  0:000  2. [change _DSM to XDSM]: disabled
25:323  0:000  3. [change EC0 to EC]: disabled
25:323  0:000  4. [change H_EC to EC]: disabled
25:323  0:000  5. [change ECDV to EC]: disabled
25:323  0:000  6. [change HDAS to HDEF]: pattern 48444153, bin not found / already patched!
25:323  0:000  7. [change HECI to IMEI]: pattern 48454349, bin not found / already patched!
25:323  0:000  8. [change MEI to IMEI]: pattern 4D45495F, bin not found / already patched!
25:323  0:000  9. [change GFX0 to IGPU]: pattern 47465830, bin not found / already patched!
25:323  0:000  10. [change PCI0.VID to IGPU #1 (Thinkpad)]: pattern 50434930, bin not found / already patched!
25:323  0:000  11. [change PCI0.VID to IGPU #2 (Thinkpad)]: pattern 5649445F, bin not found / already patched!
25:323  0:000  12. [change EHC1 to EH01]: pattern 45484331, bin not found / already patched!
25:323  0:000  13. [change EHC2 to EH02]: pattern 45484332, bin not found / already patched!
25:323  0:000  14. [change XHCI to XHC]: pattern 58484349, bin not found / already patched!
25:323  0:000    0 replacements
25:323  0:000  0. [change OSID to XSID (to avoid match against _OSI XOSI patch)]: disabled
25:323  0:000  1. [change _OSI to XOSI]: disabled
25:323  0:000  2. [change _DSM to XDSM]: disabled
25:323  0:000  3. [change EC0 to EC]: disabled
25:323  0:000  4. [change H_EC to EC]: disabled
25:323  0:000  5. [change ECDV to EC]: disabled
25:323  0:000  6. [change HDAS to HDEF]: pattern 48444153, bin not found / already patched!
25:323  0:000  7. [change HECI to IMEI]: pattern 48454349, bin not found / already patched!
25:323  0:000  8. [change MEI to IMEI]: pattern 4D45495F, bin not found / already patched!
25:323  0:000  9. [change GFX0 to IGPU]: pattern 47465830, bin not found / already patched!
25:323  0:000  10. [change PCI0.VID to IGPU #1 (Thinkpad)]: pattern 50434930, bin not found / already patched!
25:323  0:000  11. [change PCI0.VID to IGPU #2 (Thinkpad)]: pattern 5649445F, bin not found / already patched!
25:323  0:000  12. [change EHC1 to EH01]: pattern 45484331, bin not found / already patched!
25:323  0:000  13. [change EHC2 to EH02]: pattern 45484332, bin not found / already patched!
25:323  0:000  14. [change XHCI to XHC]: pattern 58484349, bin not found / already patched!
25:323  0:000    0 replacements
25:323  0:000  Found OperationRegion(PNVS, SystemMemory, 6736D000, ...)
25:323  0:000  0. [change OSID to XSID (to avoid match against _OSI XOSI patch)]: disabled
25:323  0:000  1. [change _OSI to XOSI]: disabled
25:323  0:000  2. [change _DSM to XDSM]: disabled
25:323  0:000  3. [change EC0 to EC]: disabled
25:323  0:000  4. [change H_EC to EC]: disabled
25:323  0:000  5. [change ECDV to EC]: disabled
25:323  0:000  6. [change HDAS to HDEF]: pattern 48444153, bin not found / already patched!
25:323  0:000  7. [change HECI to IMEI]: pattern 48454349, bin not found / already patched!
25:323  0:000  8. [change MEI to IMEI]: pattern 4D45495F, bin not found / already patched!
25:323  0:000  9. [change GFX0 to IGPU]: pattern 47465830, bin not found / already patched!
25:323  0:000  10. [change PCI0.VID to IGPU #1 (Thinkpad)]: pattern 50434930, bin not found / already patched!
25:324  0:000  11. [change PCI0.VID to IGPU #2 (Thinkpad)]: pattern 5649445F, bin not found / already patched!
25:324  0:000  12. [change EHC1 to EH01]: pattern 45484331, bin not found / already patched!
25:324  0:000  13. [change EHC2 to EH02]: pattern 45484332, bin not found / already patched!
25:324  0:000  14. [change XHCI to XHC]: pattern 58484349, bin not found / already patched!
25:324  0:000    0 replacements
25:324  0:000  0. [change OSID to XSID (to avoid match against _OSI XOSI patch)]: disabled
25:324  0:000  1. [change _OSI to XOSI]: disabled
25:324  0:000  2. [change _DSM to XDSM]: disabled
25:324  0:000  3. [change EC0 to EC]: disabled
25:324  0:000  4. [change H_EC to EC]: disabled
25:324  0:000  5. [change ECDV to EC]: disabled
25:324  0:000  6. [change HDAS to HDEF]: pattern 48444153, bin not found / already patched!
25:324  0:000  7. [change HECI to IMEI]: pattern 48454349, bin not found / already patched!
25:324  0:000  8. [change MEI to IMEI]: pattern 4D45495F, bin not found / already patched!
25:324  0:000  9. [change GFX0 to IGPU]: pattern 47465830, bin not found / already patched!
25:324  0:000  10. [change PCI0.VID to IGPU #1 (Thinkpad)]: pattern 50434930, bin not found / already patched!
25:324  0:000  11. [change PCI0.VID to IGPU #2 (Thinkpad)]: pattern 5649445F, bin not found / already patched!
25:324  0:000  12. [change EHC1 to EH01]: pattern 45484331, bin not found / already patched!
25:324  0:000  13. [change EHC2 to EH02]: pattern 45484332, bin not found / already patched!
25:324  0:000  14. [change XHCI to XHC]: pattern 58484349, bin not found / already patched!
25:324  0:000    0 replacements
25:324  0:000  0. [change OSID to XSID (to avoid match against _OSI XOSI patch)]: disabled
25:324  0:000  1. [change _OSI to XOSI]: disabled
25:324  0:000  2. [change _DSM to XDSM]: disabled
25:324  0:000  3. [change EC0 to EC]: disabled
25:324  0:000  4. [change H_EC to EC]: disabled
25:324  0:000  5. [change ECDV to EC]: disabled
25:324  0:000  6. [change HDAS to HDEF]: pattern 48444153, bin not found / already patched!
25:324  0:000  7. [change HECI to IMEI]: pattern 48454349, bin not found / already patched!
25:324  0:000  8. [change MEI to IMEI]: pattern 4D45495F, bin not found / already patched!
25:324  0:000  9. [change GFX0 to IGPU]: pattern 47465830, bin not found / already patched!
25:324  0:000  10. [change PCI0.VID to IGPU #1 (Thinkpad)]: pattern 50434930, bin not found / already patched!
25:324  0:000  11. [change PCI0.VID to IGPU #2 (Thinkpad)]: pattern 5649445F, bin not found / already patched!
25:324  0:000  12. [change EHC1 to EH01]: pattern 45484331, bin not found / already patched!
25:324  0:000  13. [change EHC2 to EH02]: pattern 45484332, bin not found / already patched!
25:324  0:000  14. [change XHCI to XHC]: pattern 58484349, bin not found / already patched!
25:324  0:000    0 replacements
25:324  0:000  0. [change OSID to XSID (to avoid match against _OSI XOSI patch)]: disabled
25:324  0:000  1. [change _OSI to XOSI]: disabled
25:324  0:000  2. [change _DSM to XDSM]: disabled
25:324  0:000  3. [change EC0 to EC]: disabled
25:324  0:000  4. [change H_EC to EC]: disabled
25:324  0:000  5. [change ECDV to EC]: disabled
25:324  0:000  6. [change HDAS to HDEF]: pattern 48444153, bin not found / already patched!
25:324  0:000  7. [change HECI to IMEI]: pattern 48454349, bin not found / already patched!
25:324  0:000  8. [change MEI to IMEI]: pattern 4D45495F, bin not found / already patched!
25:324  0:000  9. [change GFX0 to IGPU]: pattern 47465830, patched at: [ (55) (28) (5D7) (91) (527) (102F) (11) ]
25:324  0:000  10. [change PCI0.VID to IGPU #1 (Thinkpad)]: pattern 50434930, bin not found / already patched!
25:324  0:000  11. [change PCI0.VID to IGPU #2 (Thinkpad)]: pattern 5649445F, bin not found / already patched!
25:324  0:000  12. [change EHC1 to EH01]: pattern 45484331, bin not found / already patched!
25:324  0:000  13. [change EHC2 to EH02]: pattern 45484332, bin not found / already patched!
25:324  0:000  14. [change XHCI to XHC]: pattern 58484349, bin not found / already patched!
25:324  0:000    0 replacements
25:324  0:000  === [ ACPIPatchedAML ] ====================================
25:324  0:000  AutoMerge pass 2
25:324  0:000  Unsorted
25:324  0:000  Inserting SSDT-Disable-DGPU.aml from EFI\CLOVER\ACPI\patched: size=1411 ... Success
25:324  0:000  Inserting SSDT-UIAC-ALL.aml from EFI\CLOVER\ACPI\patched: size=7540 ... Success
25:325  0:000  CPUBase=0 and ApicCPUBase=1 ApicCPUNum=1
25:325  0:000  Maximum control=0x19
25:325  0:000  Turbo control=0x23
25:325  0:000  P-States: min 0x8, max 0x23
25:325  0:000  SSDT with plugin-type without P-States is generated
25:325  0:000  Cleanup XSDT: count=30, length=276
25:325  0:000  corrected XSDT count=29, length=268
25:325  0:000  === [ RestSetup macOS ] ===================================
25:325  0:000  EdidDiscovered size=128
25:325  0:000  --- Discovered EDID Table size:128
25:325  0:000  000  |  00  FF  FF  FF  FF  FF  FF  00  09  E5
25:325  0:000  010  |  FB  06  00  00  00  00  01  1A  01  04
25:325  0:000  020  |  A5  22  13  78  02  1B  BB  A6  58  55
25:325  0:000  030  |  9D  26  0E  4F  55  00  00  00  01  01
25:325  0:000  040  |  01  01  01  01  01  01  01  01  01  01
25:325  0:000  050  |  01  01  01  01  9C  3B  80  36  71  38
25:325  0:000  060  |  3C  40  30  20  36  00  58  C2  10  00
25:325  0:000  070  |  00  1A  00  00  00  00  00  00  00  00
25:325  0:000  080  |  00  00  00  00  00  00  00  00  00  00
25:325  0:000  090  |  00  00  00  FE  00  42  4F  45  20  43
25:325  0:000  100  |  51  0A  20  20  20  20  20  20  00  00
25:325  0:000  110  |  00  FE  00  4E  56  31  35  36  46  48
25:325  0:000  120  |  4D  2D  4E  36  31  0A  00  22
25:325  0:000  add device: PciRoot(0x0)/Pci(0x2,0x0)
25:325  0:000     Add key=model valuelen=29
25:325  0:000     Add key=framebuffer-unifiedmem valuelen=4
25:325  0:000     Add key=framebuffer-stolenmem valuelen=4
25:325  0:000     Add key=framebuffer-portcount valuelen=4
25:325  0:000     Add key=framebuffer-pipecount valuelen=4
25:325  0:000     Add key=framebuffer-patch-enable valuelen=4
25:325  0:000     Add key=framebuffer-memorycount valuelen=4
25:325  0:000     Add key=framebuffer-fbmem valuelen=4
25:325  0:000     Add key=framebuffer-con3-flags valuelen=4
25:325  0:000     Add key=framebuffer-con3-enable valuelen=4
25:325  0:000     Add key=framebuffer-con2-type valuelen=4
25:325  0:000     Add key=framebuffer-con2-pipe valuelen=4
25:325  0:000     Add key=framebuffer-con2-index valuelen=4
25:325  0:000     Add key=framebuffer-con2-flags valuelen=4
25:325  0:000     Add key=framebuffer-con2-enable valuelen=4
25:325  0:000     Add key=framebuffer-con2-busid valuelen=4
25:325  0:000     Add key=framebuffer-con1-type valuelen=4
25:325  0:000     Add key=framebuffer-con1-enable valuelen=4
25:325  0:000     Add key=enable-hdmi20 valuelen=4
25:325  0:000     Add key=disable-external-gpu valuelen=4
25:325  0:000     Add key=device-id valuelen=4
25:325  0:000     Add key=AAPL,ig-platform-id valuelen=4
25:325  0:000  add device: PciRoot(0x0)/Pci(0x1F,0x3)
25:325  0:000     Add key=layout-id valuelen=4
25:325  0:000  Intel GFX injection not set
25:325  0:000   RCBA disabled; cannot use it
25:325  0:000  stringlength = 3316
25:325  0:000  CurrentMode: Width=1920 Height=1080
25:325  0:000  Beginning FSInjection
FSInjectionInstall ...
- Our FSI_SIMPLE_FILE_SYSTEM_PROTOCOL installed on handle: 6A6E1D18
FSInjectionInstall ...
- Our FSI_SIMPLE_FILE_SYSTEM_PROTOCOL installed on handle: 6A6E1D18
25:326  0:000  Use origin smbios table type 1 guid.
25:328  0:002    Force kext: System\Library\Extensions\IONetworkingFamily.kext
25:363  0:034      Force PlugIn kext: System\Library\Extensions\IONetworkingFamily.kext\Contents\PlugIns\nvenet.kext
25:377  0:014      Force PlugIn kext: System\Library\Extensions\IONetworkingFamily.kext\Contents\PlugIns\AppleEthernetAquantiaAqtion.kext
25:394  0:016      Force PlugIn kext: System\Library\Extensions\IONetworkingFamily.kext\Contents\PlugIns\AppleBCM5701Ethernet.kext
25:410  0:015      Force PlugIn kext: System\Library\Extensions\IONetworkingFamily.kext\Contents\PlugIns\AppleIntelI210Ethernet.kext
25:424  0:014      Force PlugIn kext: System\Library\Extensions\IONetworkingFamily.kext\Contents\PlugIns\Intel82574L.kext
25:439  0:014      Force PlugIn kext: System\Library\Extensions\IONetworkingFamily.kext\Contents\PlugIns\IOEthernetAVBController.kext
25:452  0:013      Force PlugIn kext: System\Library\Extensions\IONetworkingFamily.kext\Contents\PlugIns\AppleYukon2.kext
25:475  0:022      Force PlugIn kext: System\Library\Extensions\IONetworkingFamily.kext\Contents\PlugIns\AppleEthernetAquantiaAqtionFirmware.kext
25:490  0:015      Force PlugIn kext: System\Library\Extensions\IONetworkingFamily.kext\Contents\PlugIns\AppleIntel8254XEthernet.kext
25:504  0:013      Force PlugIn kext: System\Library\Extensions\IONetworkingFamily.kext\Contents\PlugIns\AppleVmxnet3Ethernet.kext
25:518  0:013      Force PlugIn kext: System\Library\Extensions\IONetworkingFamily.kext\Contents\PlugIns\mDNSOffloadUserClient.kext
25:531  0:012  Preparing kexts injection for arch=x86_64 from EFI\CLOVER\kexts\Other
25:531  0:000  Extra kext: EFI\CLOVER\kexts\Other\AirportBrcmFixup.kext (v.1.1.6)
25:534  0:003  Extra kext: EFI\CLOVER\kexts\Other\BrcmFirmwareData.kext (v.2.2.7)
25:539  0:004  Extra kext: EFI\CLOVER\kexts\Other\BrcmPatchRAM2.kext (v.2.2.7)
25:557  0:018  Extra kext: EFI\CLOVER\kexts\Other\AppleALC_v1.3.5.kext (v.1.3.5)
25:618  0:061  Extra kext: EFI\CLOVER\kexts\Other\XHCI-unsupported.kext (v.0.9.2)
25:621  0:002  Extra kext: EFI\CLOVER\kexts\Other\AHCI_Intel_Generic_SATA.kext (v.0.5)
25:624  0:003  Extra kext: EFI\CLOVER\kexts\Other\SATA-200-series-unsupported.kext (v.0.5.1)
25:626  0:001  Extra kext: EFI\CLOVER\kexts\Other\VoodooPS2Controller_v1.9.2.kext (v.1.9.2)
25:630  0:004    |-- PlugIn kext: EFI\CLOVER\kexts\Other\VoodooPS2Controller_v1.9.2.kext\Contents\PlugIns\VoodooPS2Mouse.kext (v.1.9.2)
25:634  0:004    |-- PlugIn kext: EFI\CLOVER\kexts\Other\VoodooPS2Controller_v1.9.2.kext\Contents\PlugIns\VoodooPS2Keyboard.kext (v.1.9.2)
25:645  0:010    |-- PlugIn kext: EFI\CLOVER\kexts\Other\VoodooPS2Controller_v1.9.2.kext\Contents\PlugIns\VoodooPS2Trackpad.kext (v.1.9.2)
25:654  0:009  Extra kext: EFI\CLOVER\kexts\Other\Lilu_v1.3.2.kext (v.1.3.2)
25:657  0:003  Extra kext: EFI\CLOVER\kexts\Other\AHCI_3rdParty_eSATA.kext (v.0.5)
25:669  0:011  Extra kext: EFI\CLOVER\kexts\Other\FakeSMC_v1800.kext (v.1800)
25:675  0:005  Extra kext: EFI\CLOVER\kexts\Other\AppleIGB.kext (v.5.3.5)
25:680  0:005  Extra kext: EFI\CLOVER\kexts\Other\WhateverGreen_v1.2.7.kext (v.1.2.7)
25:696  0:015  Extra kext: EFI\CLOVER\kexts\Other\USBInjectAll_v0.7.1.kext (v.0.7.1)
25:861  0:165  Extra kext: EFI\CLOVER\kexts\Other\AppleIntelE1000e.kext (v.3.3.6)
25:865  0:003  Extra kext: EFI\CLOVER\kexts\Other\GenericUSBXHCI.kext (v.1.2.11)
25:869  0:004  Extra kext: EFI\CLOVER\kexts\Other\SATA-RAID-unsupported.kext (v.0.9.2)
25:871  0:001  Extra kext: EFI\CLOVER\kexts\Other\RealtekRTL8111.kext (v.2.2.2)
25:876  0:004  Extra kext: EFI\CLOVER\kexts\Other\XHCI-200-series-injector.kext (v.0.5.0)
25:877  0:001  Extra kext: EFI\CLOVER\kexts\Other\IntelMausiEthernet.kext (v.2.4.0d0)
25:881  0:003  Extra kext: EFI\CLOVER\kexts\Other\SATA-100-series-unsupported.kext (v.0.5.1)
25:883  0:001  Extra kext: EFI\CLOVER\kexts\Other\AtherosE2200Ethernet.kext (v.2.2.2)
25:887  0:003  Extra kext: EFI\CLOVER\kexts\Other\XHCI-300-series-injector.kext (v.0.5.0)
25:888  0:001  Extra kext: EFI\CLOVER\kexts\Other\AHCI_3rdParty_SATA.kext (v.0.5)
25:900  0:012  Extra kext: EFI\CLOVER\kexts\Other\RealtekRTL8100.kext (v.2.0.1)
25:909  0:008  SetStartupDiskVolume:
25:909  0:000    * Volume: 'Macintosh HD'
25:909  0:000    * LoaderPath: '<null string>'
25:909  0:000    * DevPath: Macintosh HD
25:909  0:000    * GUID = 0F965F4E-861F-3743-AE51-66ABE1AEC691
25:909  0:000    * efi-boot-device: <array><dict><key>IOMatch</key><dict><key>IOProviderClass</key><string>IOMedia</string><key>IOPropertyMatch</key><dict><key>UUID</key><string>0F965F4E-861F-3743-AE51-66ABE1AEC691</string></dict></dict></dict></array>
25:909  0:000  Custom boot screen not used because entry has unset use graphics
25:909  0:000  Closing log
