0:100  0:100  MemLog inited, TSC freq: 2496370200
0:100  0:000  CPU was calibrated with RTC
0:100  0:000  
0:100  0:000  Now is 13.12.2018,  15:6:38 (GMT)
0:100  0:000  Starting Clover revision: 4792 on American Megatrends EFI
0:100  0:000  Build with: [Args: -mc --no-usb -D NO_GRUB_DRIVERS_EMBEDDED -t XCODE8 | -D DISABLE_USB_SUPPORT -D NO_GRUB_DRIVERS_EMBEDDED --conf=/Users/sky/src/edk2/Conf -D USE_BIOS_BLOCKIO -D USE_LOW_EBDA -a X64 -b RELEASE -t XCODE8 -n 13 | OS: 10.14.2 | XCODE: 10.1]
0:100  0:000  SelfDevicePath=PciRoot(0x0)\Pci(0x1D,0x0)\Pci(0x0,0x0)\NVMe(0x1,5F-02-10-5B-63-38-25-00)\HD(1,GPT,F45AA315-12E5-4306-BF25-E85F1127F7BC,0x1000,0xFF000) @6B033B58
0:100  0:000  SelfDirPath = \EFI\Clover
0:100  0:000  === [ Get Smbios ] ========================================
0:100  0:000  Type 16 Index = 0
0:100  0:000  Total Memory Slots Count = 2
0:100  0:000  Type 17 Index = 0
0:100  0:000  SmbiosTable.Type17->Speed = 2400MHz
0:100  0:000  SmbiosTable.Type17->Size = 8192MB
0:100  0:000  SmbiosTable.Type17->Bank/Device = BANK 0 ChannelA-DIMM0
0:100  0:000  SmbiosTable.Type17->Vendor = 009C35230000
0:100  0:000  SmbiosTable.Type17->SerialNumber = 16443459
0:100  0:000  SmbiosTable.Type17->PartNumber = 8ATF1G64HZ-2G3B1    
0:100  0:000  Type 17 Index = 1
0:100  0:000  SmbiosTable.Type17->Speed = 2400MHz
0:100  0:000  SmbiosTable.Type17->Size = 8192MB
0:100  0:000  SmbiosTable.Type17->Bank/Device = BANK 2 ChannelB-DIMM0
0:100  0:000  SmbiosTable.Type17->Vendor = 009C35230000
0:100  0:000  SmbiosTable.Type17->SerialNumber = 17899966
0:100  0:000  SmbiosTable.Type17->PartNumber = 8ATF1G64HZ-2G3H1    
0:100  0:000  Boot status=0
0:100  0:000  Running on: 'Inspiron 5577' with board '090HMC'
0:100  0:000  === [ GetCPUProperties ] ==================================
0:100  0:000  CPU Vendor = 756E6547 Model=906E9
0:100  0:000   The CPU supported SSE4.1
0:100  0:000  BrandString = Intel(R) Core(TM) i5-7300HQ CPU @ 2.50GHz
0:100  0:000   The CPU supported turbo
0:100  0:000  MSR 0x35               40004
0:100  0:000   TSC/CCC Information Leaf:
0:100  0:000    numerator     : 208
0:100  0:000    denominator   : 2
0:100  0:000   Calibrated ARTFrequency: 24003559
0:100  0:000  MSR 0xE2 before patch 7E008007
0:100  0:000  MSR 0xE2 is locked, PM patches will be turned on
0:100  0:000  MSR 0xCE              0008083B_F1011900
0:100  0:000  corrected FLEX_RATIO = 0
0:100  0:000  MSR 0x1B0             00000000
0:100  0:000  FSBFrequency = 96 MHz, DMI FSBFrequency = 100 MHz, Corrected FSBFrequency = 100 MHz
0:100  0:000  MaxDiv/MinDiv: 25.0/8
0:100  0:000  Turbo: 31/32/33/35
0:100  0:000  Features: 0xBFEBFBFF
0:100  0:000  Threads: 4
0:100  0:000  Cores: 4
0:100  0:000  FSB: 100 MHz
0:100  0:000  CPU: 2400 MHz
0:100  0:000  TSC: 2400 MHz
0:100  0:000  PIS: 100 MHz
0:100  0:000  ExternalClock: 25 MHz
0:100  0:000  === [ GetDevices ] ========================================
0:100  0:000  PCI (00|00:00.00) : 8086 5910 class=060000
0:100  0:000  PCI (00|00:01.00) : 8086 1901 class=060400
0:100  0:000  PCI (00|01:00.00) : 10DE 1C8D class=030200
0:100  0:000  PCI (00|00:02.00) : 8086 591B class=030000
0:100  0:000   - GFX: Model=Intel HD Graphics 630 (Intel)
0:100  0:000  PCI (00|00:04.00) : 8086 1903 class=118000
0:100  0:000  PCI (00|00:14.00) : 8086 A12F class=0C0330
0:100  0:000  PCI (00|00:14.02) : 8086 A131 class=118000
0:100  0:000  PCI (00|00:15.00) : 8086 A160 class=118000
0:100  0:000  PCI (00|00:16.00) : 8086 A13A class=078000
0:100  0:000  PCI (00|00:17.00) : 8086 A103 class=010601
0:100  0:000  PCI (00|00:1C.00) : 8086 A114 class=060400
0:100  0:000  PCI (00|02:00.00) : 10EC 8168 class=020000
0:100  0:000   - LAN: 0 Vendor=Realtek
0:100  0:000  PCI (00|00:1C.05) : 8086 A115 class=060400
0:101  0:000  PCI (00|03:00.00) : 14E4 43B1 class=028000
0:101  0:000   - WIFI: Vendor=Broadcom
0:101  0:000  PCI (00|00:1D.00) : 8086 A118 class=060400
0:101  0:000  PCI (00|04:00.00) : 144D A802 class=010802
0:101  0:000  PCI (00|00:1E.00) : 8086 A127 class=118000
0:101  0:000  PCI (00|00:1F.00) : 8086 A152 class=060100
0:101  0:000  PCI (00|00:1F.02) : 8086 A121 class=058000
0:101  0:000  PCI (00|00:1F.03) : 8086 A171 class=040300
0:101  0:000  PCI (00|00:1F.04) : 8086 A123 class=0C0500
0:101  0:000  === [ GetDefaultSettings ] ================================
0:101  0:000  Clover load options size = 0 bytes
0:102  0:000  EFI\CLOVER\config.plist loaded: Success
0:108  0:006  === [ GetListOfThemes ] ===================================
0:108  0:000  - [00]: Clovy
0:109  0:001  - [01]: Hackintosh_ID
0:110  0:000  - [02]: SimpleThemeDark
0:110  0:000  === [ Found config plists ] ===============================
0:110  0:000  - config.plist
0:110  0:000  === [ GetEarlyUserSettings ] ==============================
0:110  0:000  timeout set to 3
0:110  0:000  Custom boot CUSTOM_BOOT_THEME (0x0)
0:110  0:000  ForceKextsToLoad: 1 requested
0:110  0:000   - [0]: System\Library\Extensions\IONetworkingFamily.kext
0:110  0:000  KextsToPatch: 4 requested
0:111  0:000   - [00]: AppleIntelLpssI2C (Disable AppleIntelLpssI2C (credit by Coolstar)) :: PlistPatch :: data len: 5
0:111  0:000   - [01]: AppleIntelLpssI2CController (Disable AppleIntelLpssI2CCOntroller (credit by Coolstar)) :: PlistPatch :: data len: 5
0:111  0:000   - [02]: com.apple.driver.AppleBacklight (AppleBacklightInjector.kext (credit RehabMan)) :: BinPatch :: data len: 9
0:111  0:000   - [03]: com.apple.iokit.IOAHCIBlockStorage (Enable TRIM for SSD) :: BinPatch :: data len: 11
0:111  0:000  KernelToPatch: 4 requested
0:111  0:000   - [00]: Disable panic kext logging on 10.13 Debug kernel :: MatchOS: 10.13.x :: data len: 6
0:111  0:000   - [01]: Disable panic kext logging on 10.13 Release kernel :: MatchOS: 10.13.x :: data len: 6
0:111  0:000   - [02]: MSR 0xE2 _xcpm_idle instant reboot(c) Pike R. Alpha :: data len: 8
0:111  0:000   - [03]: Disable panic kext logging on 10.14 Release kernel (c) vit9696 :: MatchOS: 10.14.x :: data len: 6
0:111  0:000  Default theme: SimpleThemeDark
0:111  0:000  Hiding entries with string Preboot
0:111  0:000  Hiding entries with string Recovery
0:111  0:000  Hiding entries with string Windows
0:111  0:000  === [ LoadDrivers ] =======================================
0:111  0:000  Loading apfs.efi  status=Success
0:117  0:006   - driver needs connecting
0:117  0:000  Loading ApfsDriverLoader-64.efi  status=Success
0:120  0:002   - driver needs connecting
0:120  0:000  Loading AppleImageLoader-64.efi  status=Success
0:122  0:002  Loading AptioMemoryFix-64.efi  status=Success
0:125  0:003  Loading DataHubDxe-64.efi  status=Success
0:129  0:003  Loading EmuVariableUefi-64.efi  status=Success
0:132  0:002  EmuVariableUefi Initialize: VariableCommonInitialize = Success, orig services stored, install gEmuVariableControlProtocolGuid = Success
0:132  0:000  Loading FSInject-64.efi  status=Success
0:135  0:002  Loading HFSPlus.efi  status=Success
0:138  0:002   - driver needs connecting
0:138  0:000  Loading SMCHelper-64.efi  status=Success
0:141  0:002  Loading NvmExpressDxe-64.efi  status=Success
0:144  0:002   - driver needs connecting
0:144  0:000  4 drivers needs connecting ...
0:144  0:000  PlatformDriverOverrideProtocol not found. Installing ... Success
0:144  0:000  HFS+ driver loaded
0:144  0:000  APFS driver loaded
0:144  0:000  Searching for invalid DiskIo BY_DRIVER connects: not found, all ok
4:954  4:810  EmuVariable InstallEmulation: orig vars copied, emu.var.services installed, CreateEvent VirtualAddressChange = Success, CreateEvent ExitBootServices = Success, set Status=Success
5:114  0:160  === [ InitScreen ] ========================================
5:114  0:000  SetScreenResolution: 1920x1080 - already set
5:114  0:000  Console modes reported: 4, available modes:
5:114  0:000   - [01]: 80x25 (current mode)
5:114  0:000   - [02]: 80x50
5:114  0:000   - [03]: 100x31
5:114  0:000   - [04]: 240x56
5:114  0:000  reinit: self device path=PciRoot(0x0)\Pci(0x1D,0x0)\Pci(0x0,0x0)\NVMe(0x1,5F-02-10-5B-63-38-25-00)\HD(1,GPT,F45AA315-12E5-4306-BF25-E85F1127F7BC,0x1000,0xFF000)
5:115  0:000  === [ GetMacAddress ] =====================================
5:115  0:000  MAC address of LAN #0= F4:8E:38:F2:E7:B7:
5:115  0:000  MAC address of LAN #1= F4:8E:38:F2:E7:B7:
5:115  0:000  MAC address of LAN #2= F4:8E:38:F2:E7:B7:
5:115  0:000  MAC address of LAN #3= F4:8E:38:F2:E7:B7:
5:115  0:000  === [ ScanSPD ] ===========================================
5:115  0:000  SMBus device : 8086 A123 class=0C0500 status=Success
5:115  0:000  SMBus CmdReg: 0x3
5:115  0:000  Scanning SMBus [8086:A123], mmio: 0xDF732004, ioport: 0xF040, hostc: 0x11
5:115  0:000  Slots to scan [8]...
5:116  0:000  SPD[0]: Type 12 @0x50
5:134  0:017  DDR speed 2400MHz
5:134  0:000  Slot: 0 Type 26 8192MB 2400MHz Vendor=Micron Technology PartNo=8ATF1G64HZ-2G3B1 SerialNo=0106040403040509
5:134  0:000  SPD[2]: Type 12 @0x52
5:152  0:017  DDR speed 2400MHz
5:152  0:000  Slot: 2 Type 26 8192MB 2400MHz Vendor=Micron Technology PartNo=8ATF1G64HZ-2G3H1 SerialNo=0107080909090606
5:153  0:000  === [ GetAcpiTablesList ] =================================
5:159  0:005  Get Acpi Tables List from RSDT:
5:159  0:000   - [00]: FACP  QA09    len=132
5:159  0:000   - [01]: APIC  QA09    len=132
5:159  0:000   - [02]: FPDT  QA09    len=68
5:159  0:000   - [03]: MCFG  QA09    len=60
5:159  0:000   - [04]: SSDT  SataTabl len=882
5:159  0:000   - [05]: FIDT  QA09 len=156
5:159  0:000   - [06]: SSDT  DptfTabl len=33875
5:159  0:000   - [07]: BOOT  QA09     len=40
5:159  0:000   - [08]: SLIC  ALIENWRE len=374
5:159  0:000   - [09]: SSDT  SaSsdt  len=12633
5:159  0:000   - [10]: SSDT  PegSsdt len=10237
5:159  0:000   - [11]: HPET  KBL len=56
5:159  0:000   - [12]: SSDT  xh_rvp11 len=2394
5:159  0:000   - [13]: UEFI  EDK2     len=66
5:159  0:000   - [14]: MSDM  QA09    len=85
5:159  0:000   - [15]: SSDT  CpuSsdt len=3806
5:159  0:000   - [16]: LPIT  KBL len=148
5:159  0:000   - [17]: WSMT  KBL len=40
5:159  0:000   - [18]: SSDT  sensrhub len=671
5:159  0:000   - [19]: SSDT  PtidDevc len=12290
5:159  0:000   - [20]: DBGP   len=52
5:159  0:000   - [21]: DBG2   len=84
5:159  0:000   - [22]: BGRT  QA09    len=56
5:159  0:000   - [23]: SSDT  SgPeg len=174
5:159  0:000   - [24]: DMAR  KBL  len=240
5:159  0:000   - [25]: TPM2  Tpm2Tabl len=52
5:159  0:000   - [26]: SSDT  OptTabl len=7314
5:159  0:000  Calibrated TSC Frequency = 2496370200 = 2496MHz
5:159  0:000  === [ GetUserSettings ] ===================================
5:159  0:000  Add 2 devices:
5:159  0:000  USB FixOwnership: yes
5:159  0:000  Dropping 1 tables:
5:159  0:000   - [00]: Drop table  signature="DMAR" (52414D44)
5:159  0:000           - set table: 52414D44,                0 to drop: yes
5:159  0:000   - final DSDT Fix mask=11000014
5:159  0:000  PatchesDSDT: 12 requested
5:159  0:000   - [00]: (change _DSM to XSDM) lenToFind: 4, lenToReplace: 4, Target Bridge: <null string>
5:159  0:000   - [01]: (change OSID to IDOS) lenToFind: 4, lenToReplace: 4, Target Bridge: <null string>
5:159  0:000   - [02]: (change _OSI to XOSI) lenToFind: 4, lenToReplace: 4, Target Bridge: <null string>
5:159  0:000   - [03]: (change HDAS to HDEF) lenToFind: 4, lenToReplace: 4, Target Bridge: <null string>
5:159  0:000   - [04]: (change HECI to IMEI) lenToFind: 4, lenToReplace: 4, Target Bridge: <null string>
5:159  0:000   - [05]: (chang BRT6 to BRTX) lenToFind: 5, lenToReplace: 5, Target Bridge: <null string>
5:159  0:000   - [06]: (change GFX0 to IGPU) lenToFind: 4, lenToReplace: 4, Target Bridge: <null string>
5:159  0:000   - [07]: (change SAT0 to SATA) lenToFind: 4, lenToReplace: 4, Target Bridge: <null string>
5:159  0:000   - [08]: (change 6D03 to 6D00) lenToFind: 4, lenToReplace: 4, Target Bridge: <null string>
5:159  0:000   - [09]: (change _PTS to ZPTS) lenToFind: 4, lenToReplace: 4, Target Bridge: <null string>
5:159  0:000   - [10]: (change _WAK to ZWAK) lenToFind: 4, lenToReplace: 4, Target Bridge: <null string>
5:159  0:000   - [11]: (change _LID0 to _LID) lenToFind: 4, lenToReplace: 4, Target Bridge: <null string>
5:159  0:000  Using ProductName from config: MacBookPro15,2
5:159  0:000  BiosVersion: not set, Using BiosVersion from clover
5:159  0:000  BiosVersion: MBP152.88Z.F000.B00.1809171524
5:159  0:000  BiosReleaseDate: 09/17/2018
5:159  0:000  Using EfiVersion from clover: 220.200.252.0.0
5:159  0:000  Using FirmwareFeatures from clover: 0xFC0FE137
5:159  0:000  Using FirmwareFeaturesMask from clover: 0xFF1FFF3F
5:159  0:000  Using PlatformFeature from clover: 0x1A
5:159  0:000  Converted CustomUUID 4BC7201E-AA4D-5041-858C-91B8B48F65E2
5:159  0:000  === [ Found DSDT tables ] =================================
5:159  0:000  - DSDT.aml
5:287  0:127  === [ ScanVolumes ] =======================================
5:287  0:000  Found 14 volumes with blockIO
5:287  0:000  - [00]: Volume: PciRoot(0x0)\Pci(0x17,0x0)\Sata(0x2,0xFFFF,0x0)
5:288  0:001  - [01]: Volume: PciRoot(0x0)\Pci(0x17,0x0)\Sata(0x2,0xFFFF,0x0)\HD(1,GPT,1AFFE1A4-E621-4CF7-83DF-5FB9D4F0EC8A,0x64028,0x26C0FFD8)
5:290  0:001          Result of bootcode detection: bootable Windows (vista,win)
5:290  0:000  - [02]: Volume: PciRoot(0x0)\Pci(0x17,0x0)\Sata(0x2,0xFFFF,0x0)\HD(2,GPT,C7223231-0D74-4AEE-B5C5-1D83D5109B39,0x26C74000,0x26C00800)
5:291  0:001          Result of bootcode detection: bootable Windows (vista,win)
5:291  0:000  - [03]: Volume: PciRoot(0x0)\Pci(0x17,0x0)\Sata(0x2,0xFFFF,0x0)\HD(3,GPT,E17C0BC2-FCD1-4CB8-BFC1-20DE561D71B0,0x4D875000,0x26E91D8F)
5:293  0:001          Result of bootcode detection: bootable Windows (vista,win)
5:293  0:000  - [04]: Volume: PciRoot(0x0)\Pci(0x1D,0x0)\Pci(0x0,0x0)\NVMe(0x1,5F-02-10-5B-63-38-25-00)
5:293  0:000  - [05]: Volume: PciRoot(0x0)\Pci(0x1D,0x0)\Pci(0x0,0x0)\NVMe(0x1,5F-02-10-5B-63-38-25-00)\HD(1,GPT,F45AA315-12E5-4306-BF25-E85F1127F7BC,0x1000,0xFF000)
5:293  0:000          Result of bootcode detection: bootable Windows (vista,win)
5:295  0:002          This is SelfVolume !!
5:295  0:000  - [06]: Volume: PciRoot(0x0)\Pci(0x1D,0x0)\Pci(0x0,0x0)\NVMe(0x1,5F-02-10-5B-63-38-25-00)\HD(2,GPT,539E490B-E6F0-4022-A198-F22A4F837DFE,0x100000,0x40000)
5:295  0:000          Result of bootcode detection: bootable unknown (legacy)
5:295  0:000  - [07]: Volume: PciRoot(0x0)\Pci(0x1D,0x0)\Pci(0x0,0x0)\NVMe(0x1,5F-02-10-5B-63-38-25-00)\HD(3,GPT,2D2736E5-41BA-4D13-847E-EE112C852D75,0x140000,0xF000800)
5:295  0:000          Result of bootcode detection: bootable Windows (vista,win)
5:296  0:000  - [08]: Volume: PciRoot(0x0)\Pci(0x1D,0x0)\Pci(0x0,0x0)\NVMe(0x1,5F-02-10-5B-63-38-25-00)\HD(4,GPT,7B3A062A-E80D-40C7-AAF3-D8D9DC202AC6,0xF140800,0x200A028F)
5:296  0:000          Result of bootcode detection: bootable Windows (vista,win)
5:296  0:000  - [09]: Volume: PciRoot(0x0)\Pci(0x1D,0x0)\Pci(0x0,0x0)\NVMe(0x1,5F-02-10-5B-63-38-25-00)\HD(5,GPT,0779C6D4-F768-4CF5-A1AB-B9C0A8A1907B,0x2F1E1000,0xC800288)
5:296  0:000          Result of bootcode detection: bootable unknown (legacy)
5:296  0:000  - [10]: Volume: PciRoot(0x0)\Pci(0x1D,0x0)\Pci(0x0,0x0)\NVMe(0x1,5F-02-10-5B-63-38-25-00)\HD(5,GPT,0779C6D4-F768-4CF5-A1AB-B9C0A8A1907B,0x2F1E1000,0xC800288)\VenMedia(BE74FCF7-0B7C-49F3-9147-01F4042E6842,7BFD8E44D555F44CBE05DEC4E8199FF3)
5:296  0:000          hiding this volume
5:296  0:000  - [11]: Volume: PciRoot(0x0)\Pci(0x1D,0x0)\Pci(0x0,0x0)\NVMe(0x1,5F-02-10-5B-63-38-25-00)\HD(5,GPT,0779C6D4-F768-4CF5-A1AB-B9C0A8A1907B,0x2F1E1000,0xC800288)\VenMedia(BE74FCF7-0B7C-49F3-9147-01F4042E6842,09C6CAD190C8D84DA900FA37C50583A7)
5:296  0:000  - [12]: Volume: PciRoot(0x0)\Pci(0x1D,0x0)\Pci(0x0,0x0)\NVMe(0x1,5F-02-10-5B-63-38-25-00)\HD(5,GPT,0779C6D4-F768-4CF5-A1AB-B9C0A8A1907B,0x2F1E1000,0xC800288)\VenMedia(BE74FCF7-0B7C-49F3-9147-01F4042E6842,5EBD574B7C4A10488912BBD312BF9619)
5:296  0:000          hiding this volume
5:296  0:000  - [13]: Volume: PciRoot(0x0)\Pci(0x1D,0x0)\Pci(0x0,0x0)\NVMe(0x1,5F-02-10-5B-63-38-25-00)\HD(5,GPT,0779C6D4-F768-4CF5-A1AB-B9C0A8A1907B,0x2F1E1000,0xC800288)\VenMedia(BE74FCF7-0B7C-49F3-9147-01F4042E6842,596AA4620CB49A4F9B55EFCA688D9F31)
5:297  0:001  PutNvramPlistToRtVars: nvram.plist not found
5:297  0:000  === [ InitTheme ] =========================================
5:298  0:001  Using theme 'SimpleThemeDark' (EFI\CLOVER\themes\SimpleThemeDark)
5:298  0:000  OS main and drive as badge
5:300  0:001  Loading font from ThemeDir: Success
5:300  0:000  theme inited
5:300  0:000  Chosen theme SimpleThemeDark
5:300  0:000  after NVRAM boot-args=-igfxdump -disablegfxfirmware -lilubetaall darkwake=8
5:300  0:000  === [ Dump SMC keys from NVRAM ] ==========================
5:300  0:000  found AppleSMC protocol
5:301  0:000  Registered 17 SMC keys
5:301  0:000  === [ ScanLoader ] ========================================
5:301  0:000  - [05]: 'EFI'
5:301  0:000          AddLoaderEntry for Volume Name=EFI
5:321  0:019          AddLoaderEntry for Volume Name=EFI
5:321  0:000          skipped because entry is hidden
5:321  0:000  - [10]: 'Preboot', hidden
5:321  0:000  - [11]: 'Macintosh'
5:375  0:053          AddLoaderEntry for Volume Name=Macintosh
5:388  0:012      Check if volume Is Hibernated:
5:388  0:000      Check sleep image 'by signature':
5:406  0:018      read prefs \Library\Preferences\com.apple.PowerManagement.plist status=Success
5:406  0:000      using default sleep image name = \private\var\vm\sleepimage
5:413  0:007      sleepimage not found -> Not Found
5:413  0:000      hibernated: no - sign
5:414  0:000          [!] Icon 18 (icons\vol_internal_apfs.icns) not found (path: EFI\CLOVER\themes\SimpleThemeDark)
5:453  0:038  - [12]: 'Recovery', hidden
5:453  0:000  - [13]: 'VM'
5:469  0:016  === [ AddCustomTool ] =====================================
5:470  0:001  EmuVariable InstallEmulation: EFI_ALREADY_STARTED
5:470  0:000  === [ GetEfiBootDeviceFromNvram ] =========================
5:470  0:000   - efi-boot-device-data: PciRoot(0x0)\Pci(0x1D,0x0)\Pci(0x0,0x0)\NVMe(0x1,5F-02-10-5B-63-38-25-00)\HD(5,GPT,0779C6D4-F768-4CF5-A1AB-B9C0A8A1907B,0x2F1E1000,0xC800288)\VenMedia(BE74FCF7-0B7C-49F3-9147-01F4042E6842,09C6CAD190C8D84DA900FA37C50583A7)
5:470  0:000    - Volume: 'PciRoot(0x0)\Pci(0x1D,0x0)\Pci(0x0,0x0)\NVMe(0x1,5F-02-10-5B-63-38-25-00)\HD(5,GPT,0779C6D4-F768-4CF5-A1AB-B9C0A8A1907B,0x2F1E1000,0xC800288)\VenMedia(BE74FCF7-0B7C-49F3-9147-01F4042E6842,09C6CAD190C8D84DA900FA37C50583A7)'
5:470  0:000    - LoaderPath: '<null string>'
5:470  0:000    - Guid = 0779C6D4-F768-4CF5-A1AB-B9C0A8A1907B
5:470  0:000  === [ FindStartupDiskVolume ] =============================
5:470  0:000    - Volume: partition = PciRoot(0x0)\Pci(0x1D,0x0)\Pci(0x0,0x0)\NVMe(0x1,5F-02-10-5B-63-38-25-00)\HD(5,GPT,0779C6D4-F768-4CF5-A1AB-B9C0A8A1907B,0x2F1E1000,0xC800288)\VenMedia(BE74FCF7-0B7C-49F3-9147-01F4042E6842,09C6CAD190C8D84DA900FA37C50583A7)
5:470  0:000     - searching for that partition
5:470  0:000      - found entry 1. 'Boot macOS from Macintosh', Volume 'Macintosh'
5:470  0:000  Boot redirected to Entry 1. 'Boot macOS from Macintosh'
5:470  0:000  EmuVariable UninstallEmulation: CloseEvent = Success, original var services restored
5:470  0:000  DefaultIndex=1 and MainMenu.EntryCount=6
5:470  0:000  not run anime
5:539  0:068  GUI ready
